# JRE version: OpenJDK Runtime Environment (17.0.10) (build 17.0.10+0--11572160)
# Java VM: OpenJDK 64-Bit Server VM (17.0.10+0--11572160, mixed mode, tiered, compressed oops, compressed class ptrs, g1 gc, windows-amd64)
GC Precious Log:
 CPUs: 16 total, 16 available
 Memory: 15654M
 Large Page Support: Disabled
 NUMA Support: Disabled
 Compressed Oops: Enabled (32-bit)
 Heap Region Size: 1M
 Heap Min Capacity: 8M
 Heap Initial Capacity: 246M
 Heap Max Capacity: 2G
 Pre-touch: Disabled
 Parallel Workers: 13
 Concurrent Workers: 3
 Concurrent Refinement Workers: 13
 Periodic GC: Disabled
Heap:
 garbage-first heap   total 282624K, used 201140K [0x0000000080000000, 0x0000000100000000)
  region size 1024K, 7 young (7168K), 5 survivors (5120K)
 Metaspace       used 129874K, committed 130880K, reserved 1179648K
  class space    used 18816K, committed 19264K, reserved 1048576K
GC Heap History (20 events):
Event: 8.102 GC heap before
{Heap before GC invocations=30 (full 0):
 garbage-first heap   total 235520K, used 163038K [0x0000000080000000, 0x0000000100000000)
  region size 1024K, 70 young (71680K), 13 survivors (13312K)
 Metaspace       used 101893K, committed 102656K, reserved 1179648K
  class space    used 14305K, committed 14720K, reserved 1048576K
}
Event: 8.106 GC heap after
{Heap after GC invocations=31 (full 0):
 garbage-first heap   total 235520K, used 108728K [0x0000000080000000, 0x0000000100000000)
  region size 1024K, 5 young (5120K), 5 survivors (5120K)
 Metaspace       used 101893K, committed 102656K, reserved 1179648K
  class space    used 14305K, committed 14720K, reserved 1048576K
}
Event: 8.344 GC heap before
{Heap before GC invocations=32 (full 0):
 garbage-first heap   total 235520K, used 190648K [0x0000000080000000, 0x0000000100000000)
  region size 1024K, 86 young (88064K), 5 survivors (5120K)
 Metaspace       used 102232K, committed 103040K, reserved 1179648K
  class space    used 14342K, committed 14720K, reserved 1048576K
}
Event: 8.347 GC heap after
{Heap after GC invocations=33 (full 0):
 garbage-first heap   total 235520K, used 110922K [0x0000000080000000, 0x0000000100000000)
  region size 1024K, 7 young (7168K), 7 survivors (7168K)
 Metaspace       used 102232K, committed 103040K, reserved 1179648K
  class space    used 14342K, committed 14720K, reserved 1048576K
}
Event: 8.350 GC heap before
{Heap before GC invocations=33 (full 0):
 garbage-first heap   total 235520K, used 113994K [0x0000000080000000, 0x0000000100000000)
  region size 1024K, 11 young (11264K), 7 survivors (7168K)
 Metaspace       used 102232K, committed 103040K, reserved 1179648K
  class space    used 14342K, committed 14720K, reserved 1048576K
}
Event: 8.352 GC heap after
{Heap after GC invocations=34 (full 0):
 garbage-first heap   total 235520K, used 109887K [0x0000000080000000, 0x0000000100000000)
  region size 1024K, 2 young (2048K), 2 survivors (2048K)
 Metaspace       used 102232K, committed 103040K, reserved 1179648K
  class space    used 14342K, committed 14720K, reserved 1048576K
}
Event: 8.785 GC heap before
{Heap before GC invocations=34 (full 0):
 garbage-first heap   total 235520K, used 191807K [0x0000000080000000, 0x0000000100000000)
  region size 1024K, 83 young (84992K), 2 survivors (2048K)
 Metaspace       used 104626K, committed 105472K, reserved 1179648K
  class space    used 14637K, committed 15040K, reserved 1048576K
}
Event: 8.789 GC heap after
{Heap after GC invocations=35 (full 0):
 garbage-first heap   total 235520K, used 115127K [0x0000000080000000, 0x0000000100000000)
  region size 1024K, 8 young (8192K), 8 survivors (8192K)
 Metaspace       used 104626K, committed 105472K, reserved 1179648K
  class space    used 14637K, committed 15040K, reserved 1048576K
}
Event: 9.003 GC heap before
{Heap before GC invocations=36 (full 0):
 garbage-first heap   total 235520K, used 189879K [0x0000000080000000, 0x0000000100000000)
  region size 1024K, 82 young (83968K), 8 survivors (8192K)
 Metaspace       used 105986K, committed 106816K, reserved 1179648K
  class space    used 14824K, committed 15232K, reserved 1048576K
}
Event: 9.007 GC heap after
{Heap after GC invocations=37 (full 0):
 garbage-first heap   total 282624K, used 118135K [0x0000000080000000, 0x0000000100000000)
  region size 1024K, 6 young (6144K), 6 survivors (6144K)
 Metaspace       used 105986K, committed 106816K, reserved 1179648K
  class space    used 14824K, committed 15232K, reserved 1048576K
}
Event: 9.033 GC heap before
{Heap before GC invocations=37 (full 0):
 garbage-first heap   total 282624K, used 124279K [0x0000000080000000, 0x0000000100000000)
  region size 1024K, 13 young (13312K), 6 survivors (6144K)
 Metaspace       used 106300K, committed 107072K, reserved 1179648K
  class space    used 14865K, committed 15296K, reserved 1048576K
}
Event: 9.035 GC heap after
{Heap after GC invocations=38 (full 0):
 garbage-first heap   total 282624K, used 117500K [0x0000000080000000, 0x0000000100000000)
  region size 1024K, 2 young (2048K), 2 survivors (2048K)
 Metaspace       used 106300K, committed 107072K, reserved 1179648K
  class space    used 14865K, committed 15296K, reserved 1048576K
}
Event: 9.907 GC heap before
{Heap before GC invocations=38 (full 0):
 garbage-first heap   total 282624K, used 234236K [0x0000000080000000, 0x0000000100000000)
  region size 1024K, 112 young (114688K), 2 survivors (2048K)
 Metaspace       used 109401K, committed 110272K, reserved 1179648K
  class space    used 15264K, committed 15680K, reserved 1048576K
}
Event: 9.910 GC heap after
{Heap after GC invocations=39 (full 0):
 garbage-first heap   total 282624K, used 121741K [0x0000000080000000, 0x0000000100000000)
  region size 1024K, 6 young (6144K), 6 survivors (6144K)
 Metaspace       used 109401K, committed 110272K, reserved 1179648K
  class space    used 15264K, committed 15680K, reserved 1048576K
}
Event: 10.453 GC heap before
{Heap before GC invocations=39 (full 0):
 garbage-first heap   total 282624K, used 230285K [0x0000000080000000, 0x0000000100000000)
  region size 1024K, 113 young (115712K), 6 survivors (6144K)
 Metaspace       used 122273K, committed 123200K, reserved 1179648K
  class space    used 17463K, committed 17920K, reserved 1048576K
}
Event: 10.458 GC heap after
{Heap after GC invocations=40 (full 0):
 garbage-first heap   total 282624K, used 125716K [0x0000000080000000, 0x0000000100000000)
  region size 1024K, 10 young (10240K), 10 survivors (10240K)
 Metaspace       used 122273K, committed 123200K, reserved 1179648K
  class space    used 17463K, committed 17920K, reserved 1048576K
}
Event: 11.317 GC heap before
{Heap before GC invocations=40 (full 0):
 garbage-first heap   total 282624K, used 231188K [0x0000000080000000, 0x0000000100000000)
  region size 1024K, 97 young (99328K), 10 survivors (10240K)
 Metaspace       used 129694K, committed 130624K, reserved 1179648K
  class space    used 18800K, committed 19264K, reserved 1048576K
}
Event: 11.322 GC heap after
{Heap after GC invocations=41 (full 0):
 garbage-first heap   total 282624K, used 147183K [0x0000000080000000, 0x0000000100000000)
  region size 1024K, 8 young (8192K), 8 survivors (8192K)
 Metaspace       used 129694K, committed 130624K, reserved 1179648K
  class space    used 18800K, committed 19264K, reserved 1048576K
}
Event: 11.331 GC heap before
{Heap before GC invocations=41 (full 0):
 garbage-first heap   total 282624K, used 173807K [0x0000000080000000, 0x0000000100000000)
  region size 1024K, 10 young (10240K), 8 survivors (8192K)
 Metaspace       used 129769K, committed 130688K, reserved 1179648K
  class space    used 18811K, committed 19264K, reserved 1048576K
}
Event: 11.334 GC heap after
{Heap after GC invocations=42 (full 0):
 garbage-first heap   total 282624K, used 173492K [0x0000000080000000, 0x0000000100000000)
  region size 1024K, 5 young (5120K), 5 survivors (5120K)
 Metaspace       used 129769K, committed 130688K, reserved 1179648K
  class space    used 18811K, committed 19264K, reserved 1048576K
}

