# JRE version: OpenJDK Runtime Environment (17.0.10) (build 17.0.10+0--11572160)
# Java VM: OpenJDK 64-Bit Server VM (17.0.10+0--11572160, mixed mode, tiered, compressed oops, compressed class ptrs, g1 gc, windows-amd64)
GC Precious Log:
 CPUs: 16 total, 16 available
 Memory: 15654M
 Large Page Support: Disabled
 NUMA Support: Disabled
 Compressed Oops: Enabled (32-bit)
 Heap Region Size: 1M
 Heap Min Capacity: 8M
 Heap Initial Capacity: 246M
 Heap Max Capacity: 2G
 Pre-touch: Disabled
 Parallel Workers: 13
 Concurrent Workers: 3
 Concurrent Refinement Workers: 13
 Periodic GC: Disabled
Heap:
 garbage-first heap   total 304128K, used 150685K [0x0000000080000000, 0x0000000100000000)
  region size 1024K, 4 young (4096K), 4 survivors (4096K)
 Metaspace       used 140841K, committed 142016K, reserved 1179648K
  class space    used 20260K, committed 20864K, reserved 1048576K
GC Heap History (20 events):
Event: 41.866 GC heap after
{Heap after GC invocations=51 (full 0):
 garbage-first heap   total 288768K, used 147411K [0x0000000080000000, 0x0000000100000000)
  region size 1024K, 2 young (2048K), 2 survivors (2048K)
 Metaspace       used 138327K, committed 139456K, reserved 1179648K
  class space    used 20192K, committed 20736K, reserved 1048576K
}
Event: 152.243 GC heap before
{Heap before GC invocations=51 (full 0):
 garbage-first heap   total 288768K, used 234451K [0x0000000080000000, 0x0000000100000000)
  region size 1024K, 87 young (89088K), 2 survivors (2048K)
 Metaspace       used 138706K, committed 139904K, reserved 1179648K
  class space    used 20224K, committed 20800K, reserved 1048576K
}
Event: 152.250 GC heap after
{Heap after GC invocations=52 (full 0):
 garbage-first heap   total 288768K, used 154895K [0x0000000080000000, 0x0000000100000000)
  region size 1024K, 10 young (10240K), 10 survivors (10240K)
 Metaspace       used 138706K, committed 139904K, reserved 1179648K
  class space    used 20224K, committed 20800K, reserved 1048576K
}
Event: 153.488 GC heap before
{Heap before GC invocations=53 (full 0):
 garbage-first heap   total 288768K, used 231695K [0x0000000080000000, 0x0000000100000000)
  region size 1024K, 88 young (90112K), 10 survivors (10240K)
 Metaspace       used 138861K, committed 139968K, reserved 1179648K
  class space    used 20230K, committed 20800K, reserved 1048576K
}
Event: 153.493 GC heap after
{Heap after GC invocations=54 (full 0):
 garbage-first heap   total 288768K, used 159973K [0x0000000080000000, 0x0000000100000000)
  region size 1024K, 8 young (8192K), 8 survivors (8192K)
 Metaspace       used 138861K, committed 139968K, reserved 1179648K
  class space    used 20230K, committed 20800K, reserved 1048576K
}
Event: 153.506 GC heap before
{Heap before GC invocations=54 (full 0):
 garbage-first heap   total 288768K, used 166117K [0x0000000080000000, 0x0000000100000000)
  region size 1024K, 14 young (14336K), 8 survivors (8192K)
 Metaspace       used 138934K, committed 140032K, reserved 1179648K
  class space    used 20231K, committed 20800K, reserved 1048576K
}
Event: 153.510 GC heap after
{Heap after GC invocations=55 (full 0):
 garbage-first heap   total 288768K, used 150528K [0x0000000080000000, 0x0000000100000000)
  region size 1024K, 2 young (2048K), 2 survivors (2048K)
 Metaspace       used 138934K, committed 140032K, reserved 1179648K
  class space    used 20231K, committed 20800K, reserved 1048576K
}
Event: 153.687 GC heap before
{Heap before GC invocations=55 (full 0):
 garbage-first heap   total 288768K, used 180224K [0x0000000080000000, 0x0000000100000000)
  region size 1024K, 33 young (33792K), 2 survivors (2048K)
 Metaspace       used 139313K, committed 140480K, reserved 1179648K
  class space    used 20234K, committed 20800K, reserved 1048576K
}
Event: 153.689 GC heap after
{Heap after GC invocations=56 (full 0):
 garbage-first heap   total 288768K, used 149661K [0x0000000080000000, 0x0000000100000000)
  region size 1024K, 2 young (2048K), 2 survivors (2048K)
 Metaspace       used 139313K, committed 140480K, reserved 1179648K
  class space    used 20234K, committed 20800K, reserved 1048576K
}
Event: 215.939 GC heap before
{Heap before GC invocations=57 (full 0):
 garbage-first heap   total 304128K, used 265373K [0x0000000080000000, 0x0000000100000000)
  region size 1024K, 87 young (89088K), 2 survivors (2048K)
 Metaspace       used 139606K, committed 140736K, reserved 1179648K
  class space    used 20239K, committed 20800K, reserved 1048576K
}
Event: 215.944 GC heap after
{Heap after GC invocations=58 (full 0):
 garbage-first heap   total 304128K, used 158855K [0x0000000080000000, 0x0000000100000000)
  region size 1024K, 11 young (11264K), 11 survivors (11264K)
 Metaspace       used 139606K, committed 140736K, reserved 1179648K
  class space    used 20239K, committed 20800K, reserved 1048576K
}
Event: 215.954 GC heap before
{Heap before GC invocations=58 (full 0):
 garbage-first heap   total 304128K, used 161927K [0x0000000080000000, 0x0000000100000000)
  region size 1024K, 14 young (14336K), 11 survivors (11264K)
 Metaspace       used 139610K, committed 140736K, reserved 1179648K
  class space    used 20239K, committed 20800K, reserved 1048576K
}
Event: 215.960 GC heap after
{Heap after GC invocations=59 (full 0):
 garbage-first heap   total 304128K, used 147818K [0x0000000080000000, 0x0000000100000000)
  region size 1024K, 2 young (2048K), 2 survivors (2048K)
 Metaspace       used 139610K, committed 140736K, reserved 1179648K
  class space    used 20239K, committed 20800K, reserved 1048576K
}
Event: 216.940 GC heap before
{Heap before GC invocations=59 (full 0):
 garbage-first heap   total 304128K, used 242026K [0x0000000080000000, 0x0000000100000000)
  region size 1024K, 96 young (98304K), 2 survivors (2048K)
 Metaspace       used 140244K, committed 141376K, reserved 1179648K
  class space    used 20242K, committed 20800K, reserved 1048576K
}
Event: 216.943 GC heap after
{Heap after GC invocations=60 (full 0):
 garbage-first heap   total 304128K, used 150790K [0x0000000080000000, 0x0000000100000000)
  region size 1024K, 5 young (5120K), 5 survivors (5120K)
 Metaspace       used 140244K, committed 141376K, reserved 1179648K
  class space    used 20242K, committed 20800K, reserved 1048576K
}
Event: 242.366 GC heap before
{Heap before GC invocations=61 (full 0):
 garbage-first heap   total 304128K, used 274694K [0x0000000080000000, 0x0000000100000000)
  region size 1024K, 101 young (103424K), 5 survivors (5120K)
 Metaspace       used 140544K, committed 141760K, reserved 1179648K
  class space    used 20256K, committed 20864K, reserved 1048576K
}
Event: 242.372 GC heap after
{Heap after GC invocations=62 (full 0):
 garbage-first heap   total 304128K, used 157446K [0x0000000080000000, 0x0000000100000000)
  region size 1024K, 13 young (13312K), 13 survivors (13312K)
 Metaspace       used 140544K, committed 141760K, reserved 1179648K
  class space    used 20256K, committed 20864K, reserved 1048576K
}
Event: 242.375 GC heap before
{Heap before GC invocations=62 (full 0):
 garbage-first heap   total 304128K, used 158470K [0x0000000080000000, 0x0000000100000000)
  region size 1024K, 14 young (14336K), 13 survivors (13312K)
 Metaspace       used 140544K, committed 141760K, reserved 1179648K
  class space    used 20256K, committed 20864K, reserved 1048576K
}
Event: 242.380 GC heap after
{Heap after GC invocations=63 (full 0):
 garbage-first heap   total 304128K, used 148573K [0x0000000080000000, 0x0000000100000000)
  region size 1024K, 2 young (2048K), 2 survivors (2048K)
 Metaspace       used 140544K, committed 141760K, reserved 1179648K
  class space    used 20256K, committed 20864K, reserved 1048576K
}
Event: 243.326 GC heap before
{Heap before GC invocations=63 (full 0):
 garbage-first heap   total 304128K, used 223325K [0x0000000080000000, 0x0000000100000000)
  region size 1024K, 77 young (78848K), 2 survivors (2048K)
 Metaspace       used 140841K, committed 142016K, reserved 1179648K
  class space    used 20260K, committed 20864K, reserved 1048576K
}

