# JRE version: OpenJDK Runtime Environment (17.0.10) (build 17.0.10+0--11572160)
# Java VM: OpenJDK 64-Bit Server VM (17.0.10+0--11572160, mixed mode, tiered, compressed oops, compressed class ptrs, g1 gc, windows-amd64)
GC Precious Log:
 CPUs: 16 total, 16 available
 Memory: 15654M
 Large Page Support: Disabled
 NUMA Support: Disabled
 Compressed Oops: Enabled (32-bit)
 Heap Region Size: 1M
 Heap Min Capacity: 8M
 Heap Initial Capacity: 246M
 Heap Max Capacity: 2G
 Pre-touch: Disabled
 Parallel Workers: 13
 Concurrent Workers: 3
 Concurrent Refinement Workers: 13
 Periodic GC: Disabled
Heap:
 garbage-first heap   total 254976K, used 146013K [0x0000000080000000, 0x0000000100000000)
  region size 1024K, 2 young (2048K), 2 survivors (2048K)
 Metaspace       used 138317K, committed 139392K, reserved 1179648K
  class space    used 20074K, committed 20608K, reserved 1048576K
GC Heap History (20 events):
Event: 14.263 GC heap after
{Heap after GC invocations=49 (full 0):
 garbage-first heap   total 229376K, used 130256K [0x0000000080000000, 0x0000000100000000)
  region size 1024K, 6 young (6144K), 6 survivors (6144K)
 Metaspace       used 122570K, committed 123520K, reserved 1179648K
  class space    used 17667K, committed 18176K, reserved 1048576K
}
Event: 14.281 GC heap before
{Heap before GC invocations=49 (full 0):
 garbage-first heap   total 229376K, used 135376K [0x0000000080000000, 0x0000000100000000)
  region size 1024K, 11 young (11264K), 6 survivors (6144K)
 Metaspace       used 123239K, committed 124160K, reserved 1179648K
  class space    used 17784K, committed 18240K, reserved 1048576K
}
Event: 14.284 GC heap after
{Heap after GC invocations=50 (full 0):
 garbage-first heap   total 229376K, used 128083K [0x0000000080000000, 0x0000000100000000)
  region size 1024K, 1 young (1024K), 1 survivors (1024K)
 Metaspace       used 123239K, committed 124160K, reserved 1179648K
  class space    used 17784K, committed 18240K, reserved 1048576K
}
Event: 14.562 GC heap before
{Heap before GC invocations=50 (full 0):
 garbage-first heap   total 229376K, used 193619K [0x0000000080000000, 0x0000000100000000)
  region size 1024K, 66 young (67584K), 1 survivors (1024K)
 Metaspace       used 126734K, committed 127744K, reserved 1179648K
  class space    used 18386K, committed 18880K, reserved 1048576K
}
Event: 14.565 GC heap after
{Heap after GC invocations=51 (full 0):
 garbage-first heap   total 229376K, used 130527K [0x0000000080000000, 0x0000000100000000)
  region size 1024K, 4 young (4096K), 4 survivors (4096K)
 Metaspace       used 126734K, committed 127744K, reserved 1179648K
  class space    used 18386K, committed 18880K, reserved 1048576K
}
Event: 15.101 GC heap before
{Heap before GC invocations=52 (full 0):
 garbage-first heap   total 234496K, used 192991K [0x0000000080000000, 0x0000000100000000)
  region size 1024K, 66 young (67584K), 4 survivors (4096K)
 Metaspace       used 130855K, committed 131840K, reserved 1179648K
  class space    used 19171K, committed 19648K, reserved 1048576K
}
Event: 15.104 GC heap after
{Heap after GC invocations=53 (full 0):
 garbage-first heap   total 234496K, used 132022K [0x0000000080000000, 0x0000000100000000)
  region size 1024K, 5 young (5120K), 5 survivors (5120K)
 Metaspace       used 130855K, committed 131840K, reserved 1179648K
  class space    used 19171K, committed 19648K, reserved 1048576K
}
Event: 15.139 GC heap before
{Heap before GC invocations=53 (full 0):
 garbage-first heap   total 234496K, used 138166K [0x0000000080000000, 0x0000000100000000)
  region size 1024K, 11 young (11264K), 5 survivors (5120K)
 Metaspace       used 130975K, committed 131904K, reserved 1179648K
  class space    used 19181K, committed 19648K, reserved 1048576K
}
Event: 15.142 GC heap after
{Heap after GC invocations=54 (full 0):
 garbage-first heap   total 234496K, used 132063K [0x0000000080000000, 0x0000000100000000)
  region size 1024K, 2 young (2048K), 2 survivors (2048K)
 Metaspace       used 130975K, committed 131904K, reserved 1179648K
  class space    used 19181K, committed 19648K, reserved 1048576K
}
Event: 15.554 GC heap before
{Heap before GC invocations=54 (full 0):
 garbage-first heap   total 234496K, used 197599K [0x0000000080000000, 0x0000000100000000)
  region size 1024K, 67 young (68608K), 2 survivors (2048K)
 Metaspace       used 133346K, committed 134272K, reserved 1179648K
  class space    used 19496K, committed 19968K, reserved 1048576K
}
Event: 15.556 GC heap after
{Heap after GC invocations=55 (full 0):
 garbage-first heap   total 234496K, used 136146K [0x0000000080000000, 0x0000000100000000)
  region size 1024K, 6 young (6144K), 6 survivors (6144K)
 Metaspace       used 133346K, committed 134272K, reserved 1179648K
  class space    used 19496K, committed 19968K, reserved 1048576K
}
Event: 16.382 GC heap before
{Heap before GC invocations=56 (full 0):
 garbage-first heap   total 239616K, used 195538K [0x0000000080000000, 0x0000000100000000)
  region size 1024K, 65 young (66560K), 6 survivors (6144K)
 Metaspace       used 136605K, committed 137600K, reserved 1179648K
  class space    used 19878K, committed 20352K, reserved 1048576K
}
Event: 16.386 GC heap after
{Heap after GC invocations=57 (full 0):
 garbage-first heap   total 239616K, used 138233K [0x0000000080000000, 0x0000000100000000)
  region size 1024K, 5 young (5120K), 5 survivors (5120K)
 Metaspace       used 136605K, committed 137600K, reserved 1179648K
  class space    used 19878K, committed 20352K, reserved 1048576K
}
Event: 16.508 GC heap before
{Heap before GC invocations=57 (full 0):
 garbage-first heap   total 239616K, used 169977K [0x0000000080000000, 0x0000000100000000)
  region size 1024K, 11 young (11264K), 5 survivors (5120K)
 Metaspace       used 137124K, committed 138048K, reserved 1179648K
  class space    used 19956K, committed 20416K, reserved 1048576K
}
Event: 16.511 GC heap after
{Heap after GC invocations=58 (full 0):
 garbage-first heap   total 239616K, used 134207K [0x0000000080000000, 0x0000000100000000)
  region size 1024K, 1 young (1024K), 1 survivors (1024K)
 Metaspace       used 137124K, committed 138048K, reserved 1179648K
  class space    used 19956K, committed 20416K, reserved 1048576K
}
Event: 24.754 GC heap before
{Heap before GC invocations=58 (full 0):
 garbage-first heap   total 239616K, used 200767K [0x0000000080000000, 0x0000000100000000)
  region size 1024K, 66 young (67584K), 1 survivors (1024K)
 Metaspace       used 138012K, committed 139008K, reserved 1179648K
  class space    used 20052K, committed 20544K, reserved 1048576K
}
Event: 24.757 GC heap after
{Heap after GC invocations=59 (full 0):
 garbage-first heap   total 239616K, used 140602K [0x0000000080000000, 0x0000000100000000)
  region size 1024K, 7 young (7168K), 7 survivors (7168K)
 Metaspace       used 138012K, committed 139008K, reserved 1179648K
  class space    used 20052K, committed 20544K, reserved 1048576K
}
Event: 25.129 GC heap before
{Heap before GC invocations=60 (full 0):
 garbage-first heap   total 244736K, used 197946K [0x0000000080000000, 0x0000000100000000)
  region size 1024K, 64 young (65536K), 7 survivors (7168K)
 Metaspace       used 138316K, committed 139392K, reserved 1179648K
  class space    used 20074K, committed 20608K, reserved 1048576K
}
Event: 25.135 GC heap after
{Heap after GC invocations=61 (full 0):
 garbage-first heap   total 244736K, used 147355K [0x0000000080000000, 0x0000000100000000)
  region size 1024K, 7 young (7168K), 7 survivors (7168K)
 Metaspace       used 138316K, committed 139392K, reserved 1179648K
  class space    used 20074K, committed 20608K, reserved 1048576K
}
Event: 25.149 GC heap before
{Heap before GC invocations=61 (full 0):
 garbage-first heap   total 244736K, used 151451K [0x0000000080000000, 0x0000000100000000)
  region size 1024K, 11 young (11264K), 7 survivors (7168K)
 Metaspace       used 138317K, committed 139392K, reserved 1179648K
  class space    used 20074K, committed 20608K, reserved 1048576K
}

