# JRE version: OpenJDK Runtime Environment (17.0.10) (build 17.0.10+0--11572160)
# Java VM: OpenJDK 64-Bit Server VM (17.0.10+0--11572160, mixed mode, tiered, compressed oops, compressed class ptrs, g1 gc, windows-amd64)
GC Precious Log:
 CPUs: 16 total, 16 available
 Memory: 15654M
 Large Page Support: Disabled
 NUMA Support: Disabled
 Compressed Oops: Enabled (32-bit)
 Heap Region Size: 1M
 Heap Min Capacity: 8M
 Heap Initial Capacity: 246M
 Heap Max Capacity: 2G
 Pre-touch: Disabled
 Parallel Workers: 13
 Concurrent Workers: 3
 Concurrent Refinement Workers: 13
 Periodic GC: Disabled
Heap:
 garbage-first heap   total 106496K, used 64543K [0x0000000080000000, 0x0000000100000000)
  region size 1024K, 1 young (1024K), 1 survivors (1024K)
 Metaspace       used 59514K, committed 60032K, reserved 1114112K
  class space    used 8211K, committed 8448K, reserved 1048576K
GC Heap History (20 events):
Event: 2.322 GC heap after
{Heap after GC invocations=8 (full 0):
 garbage-first heap   total 71680K, used 23505K [0x0000000080000000, 0x0000000100000000)
  region size 1024K, 4 young (4096K), 4 survivors (4096K)
 Metaspace       used 34516K, committed 34880K, reserved 1114112K
  class space    used 4712K, committed 4864K, reserved 1048576K
}
Event: 2.388 GC heap before
{Heap before GC invocations=8 (full 0):
 garbage-first heap   total 71680K, used 28625K [0x0000000080000000, 0x0000000100000000)
  region size 1024K, 10 young (10240K), 4 survivors (4096K)
 Metaspace       used 35614K, committed 35968K, reserved 1114112K
  class space    used 4855K, committed 5056K, reserved 1048576K
}
Event: 2.389 GC heap after
{Heap after GC invocations=9 (full 0):
 garbage-first heap   total 71680K, used 23909K [0x0000000080000000, 0x0000000100000000)
  region size 1024K, 2 young (2048K), 2 survivors (2048K)
 Metaspace       used 35614K, committed 35968K, reserved 1114112K
  class space    used 4855K, committed 5056K, reserved 1048576K
}
Event: 2.665 GC heap before
{Heap before GC invocations=10 (full 0):
 garbage-first heap   total 71680K, used 54629K [0x0000000080000000, 0x0000000100000000)
  region size 1024K, 33 young (33792K), 2 survivors (2048K)
 Metaspace       used 41022K, committed 41344K, reserved 1114112K
  class space    used 5421K, committed 5568K, reserved 1048576K
}
Event: 2.667 GC heap after
{Heap after GC invocations=11 (full 0):
 garbage-first heap   total 103424K, used 28120K [0x0000000080000000, 0x0000000100000000)
  region size 1024K, 5 young (5120K), 5 survivors (5120K)
 Metaspace       used 41022K, committed 41344K, reserved 1114112K
  class space    used 5421K, committed 5568K, reserved 1048576K
}
Event: 2.668 GC heap before
{Heap before GC invocations=11 (full 0):
 garbage-first heap   total 103424K, used 29144K [0x0000000080000000, 0x0000000100000000)
  region size 1024K, 6 young (6144K), 5 survivors (5120K)
 Metaspace       used 41022K, committed 41344K, reserved 1114112K
  class space    used 5421K, committed 5568K, reserved 1048576K
}
Event: 2.671 GC heap after
{Heap after GC invocations=12 (full 0):
 garbage-first heap   total 103424K, used 28224K [0x0000000080000000, 0x0000000100000000)
  region size 1024K, 1 young (1024K), 1 survivors (1024K)
 Metaspace       used 41022K, committed 41344K, reserved 1114112K
  class space    used 5421K, committed 5568K, reserved 1048576K
}
Event: 3.157 GC heap before
{Heap before GC invocations=12 (full 0):
 garbage-first heap   total 103424K, used 75328K [0x0000000080000000, 0x0000000100000000)
  region size 1024K, 47 young (48128K), 1 survivors (1024K)
 Metaspace       used 44931K, committed 45376K, reserved 1114112K
  class space    used 6059K, committed 6272K, reserved 1048576K
}
Event: 3.158 GC heap after
{Heap after GC invocations=13 (full 0):
 garbage-first heap   total 103424K, used 31290K [0x0000000080000000, 0x0000000100000000)
  region size 1024K, 4 young (4096K), 4 survivors (4096K)
 Metaspace       used 44931K, committed 45376K, reserved 1114112K
  class space    used 6059K, committed 6272K, reserved 1048576K
}
Event: 3.675 GC heap before
{Heap before GC invocations=13 (full 0):
 garbage-first heap   total 103424K, used 76346K [0x0000000080000000, 0x0000000100000000)
  region size 1024K, 48 young (49152K), 4 survivors (4096K)
 Metaspace       used 50618K, committed 51072K, reserved 1114112K
  class space    used 6953K, committed 7168K, reserved 1048576K
}
Event: 3.677 GC heap after
{Heap after GC invocations=14 (full 0):
 garbage-first heap   total 103424K, used 33938K [0x0000000080000000, 0x0000000100000000)
  region size 1024K, 3 young (3072K), 3 survivors (3072K)
 Metaspace       used 50618K, committed 51072K, reserved 1114112K
  class space    used 6953K, committed 7168K, reserved 1048576K
}
Event: 4.241 GC heap before
{Heap before GC invocations=14 (full 0):
 garbage-first heap   total 103424K, used 80018K [0x0000000080000000, 0x0000000100000000)
  region size 1024K, 47 young (48128K), 3 survivors (3072K)
 Metaspace       used 55997K, committed 56512K, reserved 1114112K
  class space    used 7657K, committed 7936K, reserved 1048576K
}
Event: 4.244 GC heap after
{Heap after GC invocations=15 (full 0):
 garbage-first heap   total 103424K, used 37362K [0x0000000080000000, 0x0000000100000000)
  region size 1024K, 6 young (6144K), 6 survivors (6144K)
 Metaspace       used 55997K, committed 56512K, reserved 1114112K
  class space    used 7657K, committed 7936K, reserved 1048576K
}
Event: 4.496 GC heap before
{Heap before GC invocations=15 (full 0):
 garbage-first heap   total 103424K, used 79346K [0x0000000080000000, 0x0000000100000000)
  region size 1024K, 48 young (49152K), 6 survivors (6144K)
 Metaspace       used 57328K, committed 57856K, reserved 1114112K
  class space    used 7898K, committed 8128K, reserved 1048576K
}
Event: 4.500 GC heap after
{Heap after GC invocations=16 (full 0):
 garbage-first heap   total 103424K, used 42336K [0x0000000080000000, 0x0000000100000000)
  region size 1024K, 6 young (6144K), 6 survivors (6144K)
 Metaspace       used 57328K, committed 57856K, reserved 1114112K
  class space    used 7898K, committed 8128K, reserved 1048576K
}
Event: 4.660 GC heap before
{Heap before GC invocations=16 (full 0):
 garbage-first heap   total 103424K, used 76128K [0x0000000080000000, 0x0000000100000000)
  region size 1024K, 34 young (34816K), 6 survivors (6144K)
 Metaspace       used 57989K, committed 58496K, reserved 1114112K
  class space    used 7996K, committed 8256K, reserved 1048576K
}
Event: 4.662 GC heap after
{Heap after GC invocations=17 (full 0):
 garbage-first heap   total 103424K, used 53372K [0x0000000080000000, 0x0000000100000000)
  region size 1024K, 6 young (6144K), 6 survivors (6144K)
 Metaspace       used 57989K, committed 58496K, reserved 1114112K
  class space    used 7996K, committed 8256K, reserved 1048576K
}
Event: 4.831 GC heap before
{Heap before GC invocations=18 (full 0):
 garbage-first heap   total 106496K, used 86140K [0x0000000080000000, 0x0000000100000000)
  region size 1024K, 31 young (31744K), 6 survivors (6144K)
 Metaspace       used 59444K, committed 59968K, reserved 1114112K
  class space    used 8205K, committed 8448K, reserved 1048576K
}
Event: 4.833 GC heap after
{Heap after GC invocations=19 (full 0):
 garbage-first heap   total 106496K, used 64908K [0x0000000080000000, 0x0000000100000000)
  region size 1024K, 4 young (4096K), 4 survivors (4096K)
 Metaspace       used 59444K, committed 59968K, reserved 1114112K
  class space    used 8205K, committed 8448K, reserved 1048576K
}
Event: 4.839 GC heap before
{Heap before GC invocations=19 (full 0):
 garbage-first heap   total 106496K, used 64908K [0x0000000080000000, 0x0000000100000000)
  region size 1024K, 5 young (5120K), 4 survivors (4096K)
 Metaspace       used 59514K, committed 60032K, reserved 1114112K
  class space    used 8211K, committed 8448K, reserved 1048576K
}

