# JRE version: OpenJDK Runtime Environment (17.0.10) (build 17.0.10+0--11572160)
# Java VM: OpenJDK 64-Bit Server VM (17.0.10+0--11572160, mixed mode, tiered, compressed oops, compressed class ptrs, g1 gc, windows-amd64)
GC Precious Log:
 CPUs: 16 total, 16 available
 Memory: 15654M
 Large Page Support: Disabled
 NUMA Support: Disabled
 Compressed Oops: Enabled (32-bit)
 Heap Region Size: 1M
 Heap Min Capacity: 8M
 Heap Initial Capacity: 246M
 Heap Max Capacity: 2G
 Pre-touch: Disabled
 Parallel Workers: 13
 Concurrent Workers: 3
 Concurrent Refinement Workers: 13
 Periodic GC: Disabled
Heap:
 garbage-first heap   total 253952K, used 131674K [0x0000000080000000, 0x0000000100000000)
  region size 1024K, 7 young (7168K), 7 survivors (7168K)
 Metaspace       used 125267K, committed 126144K, reserved 1179648K
  class space    used 17694K, committed 18112K, reserved 1048576K
GC Heap History (20 events):
Event: 8.099 GC heap after
{Heap after GC invocations=35 (full 0):
 garbage-first heap   total 233472K, used 108927K [0x0000000080000000, 0x0000000100000000)
  region size 1024K, 5 young (5120K), 5 survivors (5120K)
 Metaspace       used 101923K, committed 102720K, reserved 1179648K
  class space    used 14298K, committed 14720K, reserved 1048576K
}
Event: 8.400 GC heap before
{Heap before GC invocations=35 (full 0):
 garbage-first heap   total 233472K, used 189823K [0x0000000080000000, 0x0000000100000000)
  region size 1024K, 85 young (87040K), 5 survivors (5120K)
 Metaspace       used 102677K, committed 103424K, reserved 1179648K
  class space    used 14404K, committed 14784K, reserved 1048576K
}
Event: 8.403 GC heap after
{Heap after GC invocations=36 (full 0):
 garbage-first heap   total 233472K, used 111244K [0x0000000080000000, 0x0000000100000000)
  region size 1024K, 8 young (8192K), 8 survivors (8192K)
 Metaspace       used 102677K, committed 103424K, reserved 1179648K
  class space    used 14404K, committed 14784K, reserved 1048576K
}
Event: 8.611 GC heap before
{Heap before GC invocations=36 (full 0):
 garbage-first heap   total 233472K, used 190092K [0x0000000080000000, 0x0000000100000000)
  region size 1024K, 86 young (88064K), 8 survivors (8192K)
 Metaspace       used 102996K, committed 103808K, reserved 1179648K
  class space    used 14439K, committed 14848K, reserved 1048576K
}
Event: 8.615 GC heap after
{Heap after GC invocations=37 (full 0):
 garbage-first heap   total 233472K, used 114912K [0x0000000080000000, 0x0000000100000000)
  region size 1024K, 9 young (9216K), 9 survivors (9216K)
 Metaspace       used 102996K, committed 103808K, reserved 1179648K
  class space    used 14439K, committed 14848K, reserved 1048576K
}
Event: 9.049 GC heap before
{Heap before GC invocations=37 (full 0):
 garbage-first heap   total 233472K, used 190688K [0x0000000080000000, 0x0000000100000000)
  region size 1024K, 84 young (86016K), 9 survivors (9216K)
 Metaspace       used 106335K, committed 107136K, reserved 1179648K
  class space    used 14860K, committed 15232K, reserved 1048576K
}
Event: 9.054 GC heap after
{Heap after GC invocations=38 (full 0):
 garbage-first heap   total 233472K, used 119513K [0x0000000080000000, 0x0000000100000000)
  region size 1024K, 11 young (11264K), 11 survivors (11264K)
 Metaspace       used 106335K, committed 107136K, reserved 1179648K
  class space    used 14860K, committed 15232K, reserved 1048576K
}
Event: 9.088 GC heap before
{Heap before GC invocations=38 (full 0):
 garbage-first heap   total 233472K, used 155353K [0x0000000080000000, 0x0000000100000000)
  region size 1024K, 48 young (49152K), 11 survivors (11264K)
 Metaspace       used 106561K, committed 107328K, reserved 1179648K
  class space    used 14888K, committed 15296K, reserved 1048576K
}
Event: 9.091 GC heap after
{Heap after GC invocations=39 (full 0):
 garbage-first heap   total 233472K, used 120478K [0x0000000080000000, 0x0000000100000000)
  region size 1024K, 4 young (4096K), 4 survivors (4096K)
 Metaspace       used 106561K, committed 107328K, reserved 1179648K
  class space    used 14888K, committed 15296K, reserved 1048576K
}
Event: 9.258 GC heap before
{Heap before GC invocations=40 (full 0):
 garbage-first heap   total 252928K, used 192158K [0x0000000080000000, 0x0000000100000000)
  region size 1024K, 75 young (76800K), 4 survivors (4096K)
 Metaspace       used 107369K, committed 108160K, reserved 1179648K
  class space    used 15006K, committed 15360K, reserved 1048576K
}
Event: 9.260 GC heap after
{Heap after GC invocations=41 (full 0):
 garbage-first heap   total 252928K, used 122341K [0x0000000080000000, 0x0000000100000000)
  region size 1024K, 6 young (6144K), 6 survivors (6144K)
 Metaspace       used 107369K, committed 108160K, reserved 1179648K
  class space    used 15006K, committed 15360K, reserved 1048576K
}
Event: 9.273 GC heap before
{Heap before GC invocations=41 (full 0):
 garbage-first heap   total 252928K, used 127461K [0x0000000080000000, 0x0000000100000000)
  region size 1024K, 12 young (12288K), 6 survivors (6144K)
 Metaspace       used 107427K, committed 108224K, reserved 1179648K
  class space    used 15017K, committed 15424K, reserved 1048576K
}
Event: 9.275 GC heap after
{Heap after GC invocations=42 (full 0):
 garbage-first heap   total 252928K, used 120246K [0x0000000080000000, 0x0000000100000000)
  region size 1024K, 2 young (2048K), 2 survivors (2048K)
 Metaspace       used 107427K, committed 108224K, reserved 1179648K
  class space    used 15017K, committed 15424K, reserved 1048576K
}
Event: 10.165 GC heap before
{Heap before GC invocations=42 (full 0):
 garbage-first heap   total 252928K, used 211382K [0x0000000080000000, 0x0000000100000000)
  region size 1024K, 87 young (89088K), 2 survivors (2048K)
 Metaspace       used 110076K, committed 110912K, reserved 1179648K
  class space    used 15332K, committed 15744K, reserved 1048576K
}
Event: 10.168 GC heap after
{Heap after GC invocations=43 (full 0):
 garbage-first heap   total 252928K, used 124003K [0x0000000080000000, 0x0000000100000000)
  region size 1024K, 6 young (6144K), 6 survivors (6144K)
 Metaspace       used 110076K, committed 110912K, reserved 1179648K
  class space    used 15332K, committed 15744K, reserved 1048576K
}
Event: 10.663 GC heap before
{Heap before GC invocations=44 (full 0):
 garbage-first heap   total 252928K, used 206947K [0x0000000080000000, 0x0000000100000000)
  region size 1024K, 88 young (90112K), 6 survivors (6144K)
 Metaspace       used 119341K, committed 120192K, reserved 1179648K
  class space    used 16746K, committed 17152K, reserved 1048576K
}
Event: 10.667 GC heap after
{Heap after GC invocations=45 (full 0):
 garbage-first heap   total 252928K, used 126392K [0x0000000080000000, 0x0000000100000000)
  region size 1024K, 8 young (8192K), 8 survivors (8192K)
 Metaspace       used 119341K, committed 120192K, reserved 1179648K
  class space    used 16746K, committed 17152K, reserved 1048576K
}
Event: 10.680 GC heap before
{Heap before GC invocations=45 (full 0):
 garbage-first heap   total 252928K, used 129464K [0x0000000080000000, 0x0000000100000000)
  region size 1024K, 12 young (12288K), 8 survivors (8192K)
 Metaspace       used 119908K, committed 120768K, reserved 1179648K
  class space    used 16844K, committed 17280K, reserved 1048576K
}
Event: 10.683 GC heap after
{Heap after GC invocations=46 (full 0):
 garbage-first heap   total 252928K, used 125470K [0x0000000080000000, 0x0000000100000000)
  region size 1024K, 1 young (1024K), 1 survivors (1024K)
 Metaspace       used 119908K, committed 120768K, reserved 1179648K
  class space    used 16844K, committed 17280K, reserved 1048576K
}
Event: 11.118 GC heap before
{Heap before GC invocations=46 (full 0):
 garbage-first heap   total 252928K, used 209438K [0x0000000080000000, 0x0000000100000000)
  region size 1024K, 84 young (86016K), 1 survivors (1024K)
 Metaspace       used 125267K, committed 126144K, reserved 1179648K
  class space    used 17694K, committed 18112K, reserved 1048576K
}

