# JRE version: OpenJDK Runtime Environment (17.0.10) (build 17.0.10+0--11572160)
# Java VM: OpenJDK 64-Bit Server VM (17.0.10+0--11572160, mixed mode, tiered, compressed oops, compressed class ptrs, g1 gc, windows-amd64)
GC Precious Log:
 CPUs: 16 total, 16 available
 Memory: 15654M
 Large Page Support: Disabled
 NUMA Support: Disabled
 Compressed Oops: Enabled (Zero based)
 Heap Region Size: 2M
 Heap Min Capacity: 8M
 Heap Initial Capacity: 246M
 Heap Max Capacity: 3914M
 Pre-touch: Disabled
 Parallel Workers: 13
 Concurrent Workers: 3
 Concurrent Refinement Workers: 13
 Periodic GC: Disabled
Heap:
 garbage-first heap   total 212992K, used 91676K [0x000000070b600000, 0x0000000800000000)
  region size 2048K, 3 young (6144K), 3 survivors (6144K)
 Metaspace       used 89559K, committed 89920K, reserved 1179648K
  class space    used 9466K, committed 9664K, reserved 1048576K
GC Heap History (20 events):
Event: 3.859 GC heap after
{Heap after GC invocations=12 (full 0):
 garbage-first heap   total 145408K, used 32341K [0x000000070b600000, 0x0000000800000000)
  region size 2048K, 4 young (8192K), 4 survivors (8192K)
 Metaspace       used 52084K, committed 52288K, reserved 1114112K
  class space    used 6240K, committed 6336K, reserved 1048576K
}
Event: 5.187 GC heap before
{Heap before GC invocations=13 (full 0):
 garbage-first heap   total 131072K, used 99925K [0x000000070b600000, 0x0000000800000000)
  region size 2048K, 37 young (75776K), 4 survivors (8192K)
 Metaspace       used 56316K, committed 56512K, reserved 1114112K
  class space    used 6652K, committed 6720K, reserved 1048576K
}
Event: 5.204 GC heap after
{Heap after GC invocations=14 (full 0):
 garbage-first heap   total 131072K, used 42203K [0x000000070b600000, 0x0000000800000000)
  region size 2048K, 5 young (10240K), 5 survivors (10240K)
 Metaspace       used 56316K, committed 56512K, reserved 1114112K
  class space    used 6652K, committed 6720K, reserved 1048576K
}
Event: 6.340 GC heap before
{Heap before GC invocations=14 (full 0):
 garbage-first heap   total 131072K, used 91355K [0x000000070b600000, 0x0000000800000000)
  region size 2048K, 29 young (59392K), 5 survivors (10240K)
 Metaspace       used 58644K, committed 58816K, reserved 1114112K
  class space    used 6755K, committed 6848K, reserved 1048576K
}
Event: 6.362 GC heap after
{Heap after GC invocations=15 (full 0):
 garbage-first heap   total 131072K, used 49445K [0x000000070b600000, 0x0000000800000000)
  region size 2048K, 4 young (8192K), 4 survivors (8192K)
 Metaspace       used 58644K, committed 58816K, reserved 1114112K
  class space    used 6755K, committed 6848K, reserved 1048576K
}
Event: 7.398 GC heap before
{Heap before GC invocations=15 (full 0):
 garbage-first heap   total 131072K, used 94501K [0x000000070b600000, 0x0000000800000000)
  region size 2048K, 26 young (53248K), 4 survivors (8192K)
 Metaspace       used 60297K, committed 60544K, reserved 1114112K
  class space    used 6818K, committed 6912K, reserved 1048576K
}
Event: 7.412 GC heap after
{Heap after GC invocations=16 (full 0):
 garbage-first heap   total 182272K, used 53789K [0x000000070b600000, 0x0000000800000000)
  region size 2048K, 3 young (6144K), 3 survivors (6144K)
 Metaspace       used 60297K, committed 60544K, reserved 1114112K
  class space    used 6818K, committed 6912K, reserved 1048576K
}
Event: 9.295 GC heap before
{Heap before GC invocations=16 (full 0):
 garbage-first heap   total 182272K, used 129565K [0x000000070b600000, 0x0000000800000000)
  region size 2048K, 40 young (81920K), 3 survivors (6144K)
 Metaspace       used 63084K, committed 63360K, reserved 1114112K
  class space    used 7033K, committed 7104K, reserved 1048576K
}
Event: 9.306 GC heap after
{Heap after GC invocations=17 (full 0):
 garbage-first heap   total 182272K, used 58732K [0x000000070b600000, 0x0000000800000000)
  region size 2048K, 5 young (10240K), 5 survivors (10240K)
 Metaspace       used 63084K, committed 63360K, reserved 1114112K
  class space    used 7033K, committed 7104K, reserved 1048576K
}
Event: 11.151 GC heap before
{Heap before GC invocations=17 (full 0):
 garbage-first heap   total 182272K, used 134508K [0x000000070b600000, 0x0000000800000000)
  region size 2048K, 42 young (86016K), 5 survivors (10240K)
 Metaspace       used 72197K, committed 72512K, reserved 1114112K
  class space    used 7970K, committed 8128K, reserved 1048576K
}
Event: 11.168 GC heap after
{Heap after GC invocations=18 (full 0):
 garbage-first heap   total 182272K, used 68739K [0x000000070b600000, 0x0000000800000000)
  region size 2048K, 6 young (12288K), 6 survivors (12288K)
 Metaspace       used 72197K, committed 72512K, reserved 1114112K
  class space    used 7970K, committed 8128K, reserved 1048576K
}
Event: 12.675 GC heap before
{Heap before GC invocations=18 (full 0):
 garbage-first heap   total 182272K, used 136323K [0x000000070b600000, 0x0000000800000000)
  region size 2048K, 39 young (79872K), 6 survivors (12288K)
 Metaspace       used 82397K, committed 82816K, reserved 1179648K
  class space    used 9000K, committed 9216K, reserved 1048576K
}
Event: 12.693 GC heap after
{Heap after GC invocations=19 (full 0):
 garbage-first heap   total 182272K, used 76828K [0x000000070b600000, 0x0000000800000000)
  region size 2048K, 4 young (8192K), 4 survivors (8192K)
 Metaspace       used 82397K, committed 82816K, reserved 1179648K
  class space    used 9000K, committed 9216K, reserved 1048576K
}
Event: 13.704 GC heap before
{Heap before GC invocations=19 (full 0):
 garbage-first heap   total 182272K, used 125980K [0x000000070b600000, 0x0000000800000000)
  region size 2048K, 29 young (59392K), 4 survivors (8192K)
 Metaspace       used 86921K, committed 87296K, reserved 1179648K
  class space    used 9311K, committed 9536K, reserved 1048576K
}
Event: 13.716 GC heap after
{Heap after GC invocations=20 (full 0):
 garbage-first heap   total 182272K, used 82257K [0x000000070b600000, 0x0000000800000000)
  region size 2048K, 3 young (6144K), 3 survivors (6144K)
 Metaspace       used 86921K, committed 87296K, reserved 1179648K
  class space    used 9311K, committed 9536K, reserved 1048576K
}
Event: 14.385 GC heap before
{Heap before GC invocations=21 (full 0):
 garbage-first heap   total 182272K, used 141649K [0x000000070b600000, 0x0000000800000000)
  region size 2048K, 32 young (65536K), 3 survivors (6144K)
 Metaspace       used 88529K, committed 88896K, reserved 1179648K
  class space    used 9401K, committed 9600K, reserved 1048576K
}
Event: 14.392 GC heap after
{Heap after GC invocations=22 (full 0):
 garbage-first heap   total 182272K, used 87609K [0x000000070b600000, 0x0000000800000000)
  region size 2048K, 3 young (6144K), 3 survivors (6144K)
 Metaspace       used 88529K, committed 88896K, reserved 1179648K
  class space    used 9401K, committed 9600K, reserved 1048576K
}
Event: 14.413 GC heap before
{Heap before GC invocations=22 (full 0):
 garbage-first heap   total 182272K, used 89657K [0x000000070b600000, 0x0000000800000000)
  region size 2048K, 4 young (8192K), 3 survivors (6144K)
 Metaspace       used 88558K, committed 88960K, reserved 1179648K
  class space    used 9401K, committed 9600K, reserved 1048576K
}
Event: 14.421 GC heap after
{Heap after GC invocations=23 (full 0):
 garbage-first heap   total 182272K, used 87855K [0x000000070b600000, 0x0000000800000000)
  region size 2048K, 1 young (2048K), 1 survivors (2048K)
 Metaspace       used 88558K, committed 88960K, reserved 1179648K
  class space    used 9401K, committed 9600K, reserved 1048576K
}
Event: 15.216 GC heap before
{Heap before GC invocations=23 (full 0):
 garbage-first heap   total 182272K, used 143151K [0x000000070b600000, 0x0000000800000000)
  region size 2048K, 28 young (57344K), 1 survivors (2048K)
 Metaspace       used 89559K, committed 89920K, reserved 1179648K
  class space    used 9466K, committed 9664K, reserved 1048576K
}

