# JRE version: OpenJDK Runtime Environment (17.0.10) (build 17.0.10+0--11572160)
# Java VM: OpenJDK 64-Bit Server VM (17.0.10+0--11572160, mixed mode, tiered, compressed oops, compressed class ptrs, g1 gc, windows-amd64)
GC Precious Log:
 CPUs: 16 total, 16 available
 Memory: 15654M
 Large Page Support: Disabled
 NUMA Support: Disabled
 Compressed Oops: Enabled (32-bit)
 Heap Region Size: 1M
 Heap Min Capacity: 8M
 Heap Initial Capacity: 246M
 Heap Max Capacity: 2G
 Pre-touch: Disabled
 Parallel Workers: 13
 Concurrent Workers: 3
 Concurrent Refinement Workers: 13
 Periodic GC: Disabled
Heap:
 garbage-first heap   total 254976K, used 124693K [0x0000000080000000, 0x0000000100000000)
  region size 1024K, 10 young (10240K), 10 survivors (10240K)
 Metaspace       used 107805K, committed 108608K, reserved 1179648K
  class space    used 15045K, committed 15424K, reserved 1048576K
GC Heap History (20 events):
Event: 5.586 GC heap after
{Heap after GC invocations=32 (full 0):
 garbage-first heap   total 235520K, used 82258K [0x0000000080000000, 0x0000000100000000)
  region size 1024K, 1 young (1024K), 1 survivors (1024K)
 Metaspace       used 78108K, committed 78720K, reserved 1179648K
  class space    used 10694K, committed 10944K, reserved 1048576K
}
Event: 6.159 GC heap before
{Heap before GC invocations=32 (full 0):
 garbage-first heap   total 235520K, used 181586K [0x0000000080000000, 0x0000000100000000)
  region size 1024K, 98 young (100352K), 1 survivors (1024K)
 Metaspace       used 82753K, committed 83328K, reserved 1179648K
  class space    used 11351K, committed 11648K, reserved 1048576K
}
Event: 6.163 GC heap after
{Heap after GC invocations=33 (full 0):
 garbage-first heap   total 235520K, used 87602K [0x0000000080000000, 0x0000000100000000)
  region size 1024K, 7 young (7168K), 7 survivors (7168K)
 Metaspace       used 82753K, committed 83328K, reserved 1179648K
  class space    used 11351K, committed 11648K, reserved 1048576K
}
Event: 6.783 GC heap before
{Heap before GC invocations=33 (full 0):
 garbage-first heap   total 235520K, used 183858K [0x0000000080000000, 0x0000000100000000)
  region size 1024K, 101 young (103424K), 7 survivors (7168K)
 Metaspace       used 89459K, committed 90112K, reserved 1179648K
  class space    used 12490K, committed 12800K, reserved 1048576K
}
Event: 6.788 GC heap after
{Heap after GC invocations=34 (full 0):
 garbage-first heap   total 235520K, used 91448K [0x0000000080000000, 0x0000000100000000)
  region size 1024K, 10 young (10240K), 10 survivors (10240K)
 Metaspace       used 89459K, committed 90112K, reserved 1179648K
  class space    used 12490K, committed 12800K, reserved 1048576K
}
Event: 7.520 GC heap before
{Heap before GC invocations=34 (full 0):
 garbage-first heap   total 235520K, used 189752K [0x0000000080000000, 0x0000000100000000)
  region size 1024K, 106 young (108544K), 10 survivors (10240K)
 Metaspace       used 97786K, committed 98496K, reserved 1179648K
  class space    used 13665K, committed 14016K, reserved 1048576K
}
Event: 7.532 GC heap after
{Heap after GC invocations=35 (full 0):
 garbage-first heap   total 235520K, used 96899K [0x0000000080000000, 0x0000000100000000)
  region size 1024K, 10 young (10240K), 10 survivors (10240K)
 Metaspace       used 97786K, committed 98496K, reserved 1179648K
  class space    used 13665K, committed 14016K, reserved 1048576K
}
Event: 8.120 GC heap before
{Heap before GC invocations=35 (full 0):
 garbage-first heap   total 235520K, used 191107K [0x0000000080000000, 0x0000000100000000)
  region size 1024K, 102 young (104448K), 10 survivors (10240K)
 Metaspace       used 101833K, committed 102656K, reserved 1179648K
  class space    used 14303K, committed 14720K, reserved 1048576K
}
Event: 8.126 GC heap after
{Heap after GC invocations=36 (full 0):
 garbage-first heap   total 235520K, used 105894K [0x0000000080000000, 0x0000000100000000)
  region size 1024K, 13 young (13312K), 13 survivors (13312K)
 Metaspace       used 101833K, committed 102656K, reserved 1179648K
  class space    used 14303K, committed 14720K, reserved 1048576K
}
Event: 8.286 GC heap before
{Heap before GC invocations=36 (full 0):
 garbage-first heap   total 235520K, used 189862K [0x0000000080000000, 0x0000000100000000)
  region size 1024K, 96 young (98304K), 13 survivors (13312K)
 Metaspace       used 102312K, committed 103104K, reserved 1179648K
  class space    used 14372K, committed 14784K, reserved 1048576K
}
Event: 8.290 GC heap after
{Heap after GC invocations=37 (full 0):
 garbage-first heap   total 235520K, used 109460K [0x0000000080000000, 0x0000000100000000)
  region size 1024K, 6 young (6144K), 6 survivors (6144K)
 Metaspace       used 102312K, committed 103104K, reserved 1179648K
  class space    used 14372K, committed 14784K, reserved 1048576K
}
Event: 8.486 GC heap before
{Heap before GC invocations=37 (full 0):
 garbage-first heap   total 235520K, used 190356K [0x0000000080000000, 0x0000000100000000)
  region size 1024K, 86 young (88064K), 6 survivors (6144K)
 Metaspace       used 102703K, committed 103552K, reserved 1179648K
  class space    used 14410K, committed 14848K, reserved 1048576K
}
Event: 8.489 GC heap after
{Heap after GC invocations=38 (full 0):
 garbage-first heap   total 235520K, used 111214K [0x0000000080000000, 0x0000000100000000)
  region size 1024K, 8 young (8192K), 8 survivors (8192K)
 Metaspace       used 102703K, committed 103552K, reserved 1179648K
  class space    used 14410K, committed 14848K, reserved 1048576K
}
Event: 8.715 GC heap before
{Heap before GC invocations=38 (full 0):
 garbage-first heap   total 235520K, used 191086K [0x0000000080000000, 0x0000000100000000)
  region size 1024K, 87 young (89088K), 8 survivors (8192K)
 Metaspace       used 103059K, committed 103808K, reserved 1179648K
  class space    used 14450K, committed 14848K, reserved 1048576K
}
Event: 8.718 GC heap after
{Heap after GC invocations=39 (full 0):
 garbage-first heap   total 235520K, used 114929K [0x0000000080000000, 0x0000000100000000)
  region size 1024K, 9 young (9216K), 9 survivors (9216K)
 Metaspace       used 103059K, committed 103808K, reserved 1179648K
  class space    used 14450K, committed 14848K, reserved 1048576K
}
Event: 8.825 GC heap before
{Heap before GC invocations=39 (full 0):
 garbage-first heap   total 235520K, used 191729K [0x0000000080000000, 0x0000000100000000)
  region size 1024K, 85 young (87040K), 9 survivors (9216K)
 Metaspace       used 103124K, committed 103872K, reserved 1179648K
  class space    used 14454K, committed 14848K, reserved 1048576K
}
Event: 8.829 GC heap after
{Heap after GC invocations=40 (full 0):
 garbage-first heap   total 235520K, used 117220K [0x0000000080000000, 0x0000000100000000)
  region size 1024K, 9 young (9216K), 9 survivors (9216K)
 Metaspace       used 103124K, committed 103872K, reserved 1179648K
  class space    used 14454K, committed 14848K, reserved 1048576K
}
Event: 9.047 GC heap before
{Heap before GC invocations=40 (full 0):
 garbage-first heap   total 235520K, used 198116K [0x0000000080000000, 0x0000000100000000)
  region size 1024K, 84 young (86016K), 9 survivors (9216K)
 Metaspace       used 104750K, committed 105600K, reserved 1179648K
  class space    used 14612K, committed 15040K, reserved 1048576K
}
Event: 9.052 GC heap after
{Heap after GC invocations=41 (full 0):
 garbage-first heap   total 235520K, used 120320K [0x0000000080000000, 0x0000000100000000)
  region size 1024K, 8 young (8192K), 8 survivors (8192K)
 Metaspace       used 104750K, committed 105600K, reserved 1179648K
  class space    used 14612K, committed 15040K, reserved 1048576K
}
Event: 9.322 GC heap before
{Heap before GC invocations=41 (full 0):
 garbage-first heap   total 235520K, used 194048K [0x0000000080000000, 0x0000000100000000)
  region size 1024K, 81 young (82944K), 8 survivors (8192K)
 Metaspace       used 107805K, committed 108608K, reserved 1179648K
  class space    used 15045K, committed 15424K, reserved 1048576K
}

