# JRE version: OpenJDK Runtime Environment (17.0.10) (build 17.0.10+0--11609105)
# Java VM: OpenJDK 64-Bit Server VM (17.0.10+0--11609105, mixed mode, tiered, compressed oops, compressed class ptrs, g1 gc, windows-amd64)
GC Precious Log:
 CPUs: 16 total, 16 available
 Memory: 15654M
 Large Page Support: Disabled
 NUMA Support: Disabled
 Compressed Oops: Enabled (Zero based)
 Heap Region Size: 2M
 Heap Min Capacity: 8M
 Heap Initial Capacity: 246M
 Heap Max Capacity: 3914M
 Pre-touch: Disabled
 Parallel Workers: 13
 Concurrent Workers: 3
 Concurrent Refinement Workers: 13
 Periodic GC: Disabled
Heap:
 garbage-first heap   total 247808K, used 121977K [0x000000070b600000, 0x0000000800000000)
  region size 2048K, 13 young (26624K), 1 survivors (2048K)
 Metaspace       used 90627K, committed 91072K, reserved 1179648K
  class space    used 9513K, committed 9728K, reserved 1048576K
GC Heap History (20 events):
Event: 8.553 GC heap before
{Heap before GC invocations=32 (full 0):
 garbage-first heap   total 147456K, used 114641K [0x000000070b600000, 0x0000000800000000)
  region size 2048K, 22 young (45056K), 2 survivors (4096K)
 Metaspace       used 73248K, committed 73600K, reserved 1179648K
  class space    used 8021K, committed 8192K, reserved 1048576K
}
Event: 8.564 GC heap after
{Heap after GC invocations=33 (full 0):
 garbage-first heap   total 147456K, used 81915K [0x000000070b600000, 0x0000000800000000)
  region size 2048K, 3 young (6144K), 3 survivors (6144K)
 Metaspace       used 73248K, committed 73600K, reserved 1179648K
  class space    used 8021K, committed 8192K, reserved 1048576K
}
Event: 8.953 GC heap before
{Heap before GC invocations=33 (full 0):
 garbage-first heap   total 147456K, used 112635K [0x000000070b600000, 0x0000000800000000)
  region size 2048K, 19 young (38912K), 3 survivors (6144K)
 Metaspace       used 76451K, committed 76800K, reserved 1179648K
  class space    used 8371K, committed 8576K, reserved 1048576K
}
Event: 8.960 GC heap after
{Heap after GC invocations=34 (full 0):
 garbage-first heap   total 147456K, used 86608K [0x000000070b600000, 0x0000000800000000)
  region size 2048K, 2 young (4096K), 2 survivors (4096K)
 Metaspace       used 76451K, committed 76800K, reserved 1179648K
  class space    used 8371K, committed 8576K, reserved 1048576K
}
Event: 9.484 GC heap before
{Heap before GC invocations=35 (full 0):
 garbage-first heap   total 151552K, used 111184K [0x000000070b600000, 0x0000000800000000)
  region size 2048K, 16 young (32768K), 2 survivors (4096K)
 Metaspace       used 83272K, committed 83712K, reserved 1179648K
  class space    used 9058K, committed 9280K, reserved 1048576K
}
Event: 9.488 GC heap after
{Heap after GC invocations=36 (full 0):
 garbage-first heap   total 151552K, used 86242K [0x000000070b600000, 0x0000000800000000)
  region size 2048K, 1 young (2048K), 1 survivors (2048K)
 Metaspace       used 83272K, committed 83712K, reserved 1179648K
  class space    used 9058K, committed 9280K, reserved 1048576K
}
Event: 9.571 GC heap before
{Heap before GC invocations=36 (full 0):
 garbage-first heap   total 151552K, used 90338K [0x000000070b600000, 0x0000000800000000)
  region size 2048K, 3 young (6144K), 1 survivors (2048K)
 Metaspace       used 83472K, committed 83904K, reserved 1179648K
  class space    used 9059K, committed 9280K, reserved 1048576K
}
Event: 9.575 GC heap after
{Heap after GC invocations=37 (full 0):
 garbage-first heap   total 151552K, used 83576K [0x000000070b600000, 0x0000000800000000)
  region size 2048K, 1 young (2048K), 1 survivors (2048K)
 Metaspace       used 83472K, committed 83904K, reserved 1179648K
  class space    used 9059K, committed 9280K, reserved 1048576K
}
Event: 10.026 GC heap before
{Heap before GC invocations=37 (full 0):
 garbage-first heap   total 151552K, used 120440K [0x000000070b600000, 0x0000000800000000)
  region size 2048K, 19 young (38912K), 1 survivors (2048K)
 Metaspace       used 85483K, committed 85824K, reserved 1179648K
  class space    used 9180K, committed 9344K, reserved 1048576K
}
Event: 10.033 GC heap after
{Heap after GC invocations=38 (full 0):
 garbage-first heap   total 151552K, used 87210K [0x000000070b600000, 0x0000000800000000)
  region size 2048K, 3 young (6144K), 3 survivors (6144K)
 Metaspace       used 85483K, committed 85824K, reserved 1179648K
  class space    used 9180K, committed 9344K, reserved 1048576K
}
Event: 10.452 GC heap before
{Heap before GC invocations=39 (full 0):
 garbage-first heap   total 157696K, used 117930K [0x000000070b600000, 0x0000000800000000)
  region size 2048K, 19 young (38912K), 3 survivors (6144K)
 Metaspace       used 89551K, committed 89984K, reserved 1179648K
  class space    used 9472K, committed 9664K, reserved 1048576K
}
Event: 10.456 GC heap after
{Heap after GC invocations=40 (full 0):
 garbage-first heap   total 157696K, used 89666K [0x000000070b600000, 0x0000000800000000)
  region size 2048K, 2 young (4096K), 2 survivors (4096K)
 Metaspace       used 89551K, committed 89984K, reserved 1179648K
  class space    used 9472K, committed 9664K, reserved 1048576K
}
Event: 10.479 GC heap before
{Heap before GC invocations=40 (full 0):
 garbage-first heap   total 157696K, used 91714K [0x000000070b600000, 0x0000000800000000)
  region size 2048K, 3 young (6144K), 2 survivors (4096K)
 Metaspace       used 89621K, committed 90048K, reserved 1179648K
  class space    used 9473K, committed 9664K, reserved 1048576K
}
Event: 10.483 GC heap after
{Heap after GC invocations=41 (full 0):
 garbage-first heap   total 157696K, used 88974K [0x000000070b600000, 0x0000000800000000)
  region size 2048K, 1 young (2048K), 1 survivors (2048K)
 Metaspace       used 89621K, committed 90048K, reserved 1179648K
  class space    used 9473K, committed 9664K, reserved 1048576K
}
Event: 10.619 GC heap before
{Heap before GC invocations=41 (full 0):
 garbage-first heap   total 157696K, used 125838K [0x000000070b600000, 0x0000000800000000)
  region size 2048K, 19 young (38912K), 1 survivors (2048K)
 Metaspace       used 89874K, committed 90240K, reserved 1179648K
  class space    used 9475K, committed 9664K, reserved 1048576K
}
Event: 10.622 GC heap after
{Heap after GC invocations=42 (full 0):
 garbage-first heap   total 247808K, used 92970K [0x000000070b600000, 0x0000000800000000)
  region size 2048K, 3 young (6144K), 3 survivors (6144K)
 Metaspace       used 89874K, committed 90240K, reserved 1179648K
  class space    used 9475K, committed 9664K, reserved 1048576K
}
Event: 11.295 GC heap before
{Heap before GC invocations=43 (full 0):
 garbage-first heap   total 247808K, used 193322K [0x000000070b600000, 0x0000000800000000)
  region size 2048K, 52 young (106496K), 3 survivors (6144K)
 Metaspace       used 90544K, committed 90944K, reserved 1179648K
  class space    used 9509K, committed 9728K, reserved 1048576K
}
Event: 11.299 GC heap after
{Heap after GC invocations=44 (full 0):
 garbage-first heap   total 247808K, used 98741K [0x000000070b600000, 0x0000000800000000)
  region size 2048K, 5 young (10240K), 5 survivors (10240K)
 Metaspace       used 90544K, committed 90944K, reserved 1179648K
  class space    used 9509K, committed 9728K, reserved 1048576K
}
Event: 11.301 GC heap before
{Heap before GC invocations=44 (full 0):
 garbage-first heap   total 247808K, used 100789K [0x000000070b600000, 0x0000000800000000)
  region size 2048K, 6 young (12288K), 5 survivors (10240K)
 Metaspace       used 90544K, committed 90944K, reserved 1179648K
  class space    used 9509K, committed 9728K, reserved 1048576K
}
Event: 11.306 GC heap after
{Heap after GC invocations=45 (full 0):
 garbage-first heap   total 247808K, used 99449K [0x000000070b600000, 0x0000000800000000)
  region size 2048K, 1 young (2048K), 1 survivors (2048K)
 Metaspace       used 90544K, committed 90944K, reserved 1179648K
  class space    used 9509K, committed 9728K, reserved 1048576K
}

