# JRE version: OpenJDK Runtime Environment (17.0.10) (build 17.0.10+0--11572160)
# Java VM: OpenJDK 64-Bit Server VM (17.0.10+0--11572160, mixed mode, tiered, compressed oops, compressed class ptrs, g1 gc, windows-amd64)
GC Precious Log:
 CPUs: 16 total, 16 available
 Memory: 15654M
 Large Page Support: Disabled
 NUMA Support: Disabled
 Compressed Oops: Enabled (32-bit)
 Heap Region Size: 1M
 Heap Min Capacity: 8M
 Heap Initial Capacity: 246M
 Heap Max Capacity: 2G
 Pre-touch: Disabled
 Parallel Workers: 13
 Concurrent Workers: 3
 Concurrent Refinement Workers: 13
 Periodic GC: Disabled
Heap:
 garbage-first heap   total 336896K, used 156275K [0x0000000080000000, 0x0000000100000000)
  region size 1024K, 5 young (5120K), 5 survivors (5120K)
 Metaspace       used 137457K, committed 139072K, reserved 1179648K
  class space    used 18856K, committed 19648K, reserved 1048576K
GC Heap History (20 events):
Event: 332.989 GC heap after
{Heap after GC invocations=61 (full 0):
 garbage-first heap   total 336896K, used 152675K [0x0000000080000000, 0x0000000100000000)
  region size 1024K, 2 young (2048K), 2 survivors (2048K)
 Metaspace       used 135275K, committed 136640K, reserved 1179648K
  class space    used 18691K, committed 19328K, reserved 1048576K
}
Event: 333.693 GC heap before
{Heap before GC invocations=61 (full 0):
 garbage-first heap   total 336896K, used 266339K [0x0000000080000000, 0x0000000100000000)
  region size 1024K, 115 young (117760K), 2 survivors (2048K)
 Metaspace       used 135550K, committed 137024K, reserved 1179648K
  class space    used 18693K, committed 19392K, reserved 1048576K
}
Event: 333.695 GC heap after
{Heap after GC invocations=62 (full 0):
 garbage-first heap   total 336896K, used 155029K [0x0000000080000000, 0x0000000100000000)
  region size 1024K, 4 young (4096K), 4 survivors (4096K)
 Metaspace       used 135550K, committed 137024K, reserved 1179648K
  class space    used 18693K, committed 19392K, reserved 1048576K
}
Event: 348.102 GC heap before
{Heap before GC invocations=63 (full 0):
 garbage-first heap   total 336896K, used 304533K [0x0000000080000000, 0x0000000100000000)
  region size 1024K, 123 young (125952K), 4 survivors (4096K)
 Metaspace       used 135878K, committed 137280K, reserved 1179648K
  class space    used 18719K, committed 19392K, reserved 1048576K
}
Event: 348.107 GC heap after
{Heap after GC invocations=64 (full 0):
 garbage-first heap   total 336896K, used 167123K [0x0000000080000000, 0x0000000100000000)
  region size 1024K, 16 young (16384K), 16 survivors (16384K)
 Metaspace       used 135878K, committed 137280K, reserved 1179648K
  class space    used 18719K, committed 19392K, reserved 1048576K
}
Event: 348.111 GC heap before
{Heap before GC invocations=64 (full 0):
 garbage-first heap   total 336896K, used 167123K [0x0000000080000000, 0x0000000100000000)
  region size 1024K, 17 young (17408K), 16 survivors (16384K)
 Metaspace       used 135879K, committed 137280K, reserved 1179648K
  class space    used 18719K, committed 19392K, reserved 1048576K
}
Event: 348.116 GC heap after
{Heap after GC invocations=65 (full 0):
 garbage-first heap   total 336896K, used 153888K [0x0000000080000000, 0x0000000100000000)
  region size 1024K, 3 young (3072K), 3 survivors (3072K)
 Metaspace       used 135879K, committed 137280K, reserved 1179648K
  class space    used 18719K, committed 19392K, reserved 1048576K
}
Event: 348.885 GC heap before
{Heap before GC invocations=65 (full 0):
 garbage-first heap   total 336896K, used 265504K [0x0000000080000000, 0x0000000100000000)
  region size 1024K, 114 young (116736K), 3 survivors (3072K)
 Metaspace       used 136139K, committed 137536K, reserved 1179648K
  class space    used 18723K, committed 19392K, reserved 1048576K
}
Event: 348.887 GC heap after
{Heap after GC invocations=66 (full 0):
 garbage-first heap   total 336896K, used 155567K [0x0000000080000000, 0x0000000100000000)
  region size 1024K, 4 young (4096K), 4 survivors (4096K)
 Metaspace       used 136139K, committed 137536K, reserved 1179648K
  class space    used 18723K, committed 19392K, reserved 1048576K
}
Event: 388.782 GC heap before
{Heap before GC invocations=67 (full 0):
 garbage-first heap   total 336896K, used 304047K [0x0000000080000000, 0x0000000100000000)
  region size 1024K, 122 young (124928K), 4 survivors (4096K)
 Metaspace       used 136398K, committed 137792K, reserved 1179648K
  class space    used 18725K, committed 19392K, reserved 1048576K
}
Event: 388.787 GC heap after
{Heap after GC invocations=68 (full 0):
 garbage-first heap   total 336896K, used 167688K [0x0000000080000000, 0x0000000100000000)
  region size 1024K, 16 young (16384K), 16 survivors (16384K)
 Metaspace       used 136398K, committed 137792K, reserved 1179648K
  class space    used 18725K, committed 19392K, reserved 1048576K
}
Event: 388.791 GC heap before
{Heap before GC invocations=68 (full 0):
 garbage-first heap   total 336896K, used 168712K [0x0000000080000000, 0x0000000100000000)
  region size 1024K, 17 young (17408K), 16 survivors (16384K)
 Metaspace       used 136411K, committed 137792K, reserved 1179648K
  class space    used 18725K, committed 19392K, reserved 1048576K
}
Event: 388.799 GC heap after
{Heap after GC invocations=69 (full 0):
 garbage-first heap   total 336896K, used 154816K [0x0000000080000000, 0x0000000100000000)
  region size 1024K, 3 young (3072K), 3 survivors (3072K)
 Metaspace       used 136411K, committed 137792K, reserved 1179648K
  class space    used 18725K, committed 19392K, reserved 1048576K
}
Event: 389.568 GC heap before
{Heap before GC invocations=69 (full 0):
 garbage-first heap   total 336896K, used 272576K [0x0000000080000000, 0x0000000100000000)
  region size 1024K, 119 young (121856K), 3 survivors (3072K)
 Metaspace       used 136648K, committed 138048K, reserved 1179648K
  class space    used 18726K, committed 19392K, reserved 1048576K
}
Event: 389.571 GC heap after
{Heap after GC invocations=70 (full 0):
 garbage-first heap   total 336896K, used 156134K [0x0000000080000000, 0x0000000100000000)
  region size 1024K, 4 young (4096K), 4 survivors (4096K)
 Metaspace       used 136648K, committed 138048K, reserved 1179648K
  class space    used 18726K, committed 19392K, reserved 1048576K
}
Event: 397.327 GC heap before
{Heap before GC invocations=71 (full 0):
 garbage-first heap   total 336896K, used 302566K [0x0000000080000000, 0x0000000100000000)
  region size 1024K, 122 young (124928K), 4 survivors (4096K)
 Metaspace       used 137207K, committed 138816K, reserved 1179648K
  class space    used 18823K, committed 19584K, reserved 1048576K
}
Event: 397.333 GC heap after
{Heap after GC invocations=72 (full 0):
 garbage-first heap   total 336896K, used 166576K [0x0000000080000000, 0x0000000100000000)
  region size 1024K, 16 young (16384K), 16 survivors (16384K)
 Metaspace       used 137207K, committed 138816K, reserved 1179648K
  class space    used 18823K, committed 19584K, reserved 1048576K
}
Event: 397.342 GC heap before
{Heap before GC invocations=72 (full 0):
 garbage-first heap   total 336896K, used 166576K [0x0000000080000000, 0x0000000100000000)
  region size 1024K, 17 young (17408K), 16 survivors (16384K)
 Metaspace       used 137207K, committed 138816K, reserved 1179648K
  class space    used 18823K, committed 19584K, reserved 1048576K
}
Event: 397.349 GC heap after
{Heap after GC invocations=73 (full 0):
 garbage-first heap   total 336896K, used 153634K [0x0000000080000000, 0x0000000100000000)
  region size 1024K, 2 young (2048K), 2 survivors (2048K)
 Metaspace       used 137207K, committed 138816K, reserved 1179648K
  class space    used 18823K, committed 19584K, reserved 1048576K
}
Event: 398.180 GC heap before
{Heap before GC invocations=73 (full 0):
 garbage-first heap   total 336896K, used 271394K [0x0000000080000000, 0x0000000100000000)
  region size 1024K, 118 young (120832K), 2 survivors (2048K)
 Metaspace       used 137457K, committed 139072K, reserved 1179648K
  class space    used 18856K, committed 19648K, reserved 1048576K
}

