# JRE version: OpenJDK Runtime Environment (17.0.10) (build 17.0.10+0--11572160)
# Java VM: OpenJDK 64-Bit Server VM (17.0.10+0--11572160, mixed mode, tiered, compressed oops, compressed class ptrs, g1 gc, windows-amd64)
GC Precious Log:
 CPUs: 16 total, 16 available
 Memory: 15654M
 Large Page Support: Disabled
 NUMA Support: Disabled
 Compressed Oops: Enabled (32-bit)
 Heap Region Size: 1M
 Heap Min Capacity: 8M
 Heap Initial Capacity: 246M
 Heap Max Capacity: 2G
 Pre-touch: Disabled
 Parallel Workers: 13
 Concurrent Workers: 3
 Concurrent Refinement Workers: 13
 Periodic GC: Disabled
Heap:
 garbage-first heap   total 297984K, used 207994K [0x0000000080000000, 0x0000000100000000)
  region size 1024K, 5 young (5120K), 2 survivors (2048K)
 Metaspace       used 135947K, committed 137472K, reserved 1179648K
  class space    used 18865K, committed 19584K, reserved 1048576K
GC Heap History (20 events):
Event: 234.226 GC heap before
{Heap before GC invocations=45 (full 0):
 garbage-first heap   total 297984K, used 274260K [0x0000000080000000, 0x0000000100000000)
  region size 1024K, 122 young (124928K), 9 survivors (9216K)
 Metaspace       used 132685K, committed 133632K, reserved 1179648K
  class space    used 18617K, committed 19136K, reserved 1048576K
}
Event: 234.248 GC heap after
{Heap after GC invocations=46 (full 0):
 garbage-first heap   total 297984K, used 137389K [0x0000000080000000, 0x0000000100000000)
  region size 1024K, 16 young (16384K), 16 survivors (16384K)
 Metaspace       used 132685K, committed 133632K, reserved 1179648K
  class space    used 18617K, committed 19136K, reserved 1048576K
}
Event: 236.051 GC heap before
{Heap before GC invocations=46 (full 0):
 garbage-first heap   total 297984K, used 242861K [0x0000000080000000, 0x0000000100000000)
  region size 1024K, 120 young (122880K), 16 survivors (16384K)
 Metaspace       used 133233K, committed 134336K, reserved 1179648K
  class space    used 18652K, committed 19200K, reserved 1048576K
}
Event: 236.065 GC heap after
{Heap after GC invocations=47 (full 0):
 garbage-first heap   total 297984K, used 147703K [0x0000000080000000, 0x0000000100000000)
  region size 1024K, 11 young (11264K), 11 survivors (11264K)
 Metaspace       used 133233K, committed 134336K, reserved 1179648K
  class space    used 18652K, committed 19200K, reserved 1048576K
}
Event: 236.297 GC heap before
{Heap before GC invocations=47 (full 0):
 garbage-first heap   total 297984K, used 242935K [0x0000000080000000, 0x0000000100000000)
  region size 1024K, 105 young (107520K), 11 survivors (11264K)
 Metaspace       used 133824K, committed 134848K, reserved 1179648K
  class space    used 18682K, committed 19200K, reserved 1048576K
}
Event: 236.302 GC heap after
{Heap after GC invocations=48 (full 0):
 garbage-first heap   total 297984K, used 150357K [0x0000000080000000, 0x0000000100000000)
  region size 1024K, 3 young (3072K), 3 survivors (3072K)
 Metaspace       used 133824K, committed 134848K, reserved 1179648K
  class space    used 18682K, committed 19200K, reserved 1048576K
}
Event: 250.452 GC heap before
{Heap before GC invocations=48 (full 0):
 garbage-first heap   total 297984K, used 276309K [0x0000000080000000, 0x0000000100000000)
  region size 1024K, 98 young (100352K), 3 survivors (3072K)
 Metaspace       used 134311K, committed 135424K, reserved 1179648K
  class space    used 18723K, committed 19264K, reserved 1048576K
}
Event: 250.456 GC heap after
{Heap after GC invocations=49 (full 0):
 garbage-first heap   total 297984K, used 158858K [0x0000000080000000, 0x0000000100000000)
  region size 1024K, 12 young (12288K), 12 survivors (12288K)
 Metaspace       used 134311K, committed 135424K, reserved 1179648K
  class space    used 18723K, committed 19264K, reserved 1048576K
}
Event: 251.569 GC heap before
{Heap before GC invocations=49 (full 0):
 garbage-first heap   total 297984K, used 243850K [0x0000000080000000, 0x0000000100000000)
  region size 1024K, 96 young (98304K), 12 survivors (12288K)
 Metaspace       used 134578K, committed 135744K, reserved 1179648K
  class space    used 18743K, committed 19328K, reserved 1048576K
}
Event: 251.576 GC heap after
{Heap after GC invocations=50 (full 0):
 garbage-first heap   total 297984K, used 164842K [0x0000000080000000, 0x0000000100000000)
  region size 1024K, 7 young (7168K), 7 survivors (7168K)
 Metaspace       used 134578K, committed 135744K, reserved 1179648K
  class space    used 18743K, committed 19328K, reserved 1048576K
}
Event: 294.876 GC heap before
{Heap before GC invocations=50 (full 0):
 garbage-first heap   total 297984K, used 275434K [0x0000000080000000, 0x0000000100000000)
  region size 1024K, 87 young (89088K), 7 survivors (7168K)
 Metaspace       used 134914K, committed 136064K, reserved 1179648K
  class space    used 18747K, committed 19328K, reserved 1048576K
}
Event: 294.882 GC heap after
{Heap after GC invocations=51 (full 0):
 garbage-first heap   total 297984K, used 164650K [0x0000000080000000, 0x0000000100000000)
  region size 1024K, 6 young (6144K), 6 survivors (6144K)
 Metaspace       used 134914K, committed 136064K, reserved 1179648K
  class space    used 18747K, committed 19328K, reserved 1048576K
}
Event: 295.271 GC heap before
{Heap before GC invocations=51 (full 0):
 garbage-first heap   total 297984K, used 249642K [0x0000000080000000, 0x0000000100000000)
  region size 1024K, 89 young (91136K), 6 survivors (6144K)
 Metaspace       used 135173K, committed 136320K, reserved 1179648K
  class space    used 18754K, committed 19328K, reserved 1048576K
}
Event: 295.276 GC heap after
{Heap after GC invocations=52 (full 0):
 garbage-first heap   total 297984K, used 174924K [0x0000000080000000, 0x0000000100000000)
  region size 1024K, 12 young (12288K), 12 survivors (12288K)
 Metaspace       used 135173K, committed 136320K, reserved 1179648K
  class space    used 18754K, committed 19328K, reserved 1048576K
}
Event: 296.074 GC heap before
{Heap before GC invocations=52 (full 0):
 garbage-first heap   total 297984K, used 246604K [0x0000000080000000, 0x0000000100000000)
  region size 1024K, 83 young (84992K), 12 survivors (12288K)
 Metaspace       used 135564K, committed 136896K, reserved 1179648K
  class space    used 18812K, committed 19456K, reserved 1048576K
}
Event: 296.080 GC heap after
{Heap after GC invocations=53 (full 0):
 garbage-first heap   total 297984K, used 181155K [0x0000000080000000, 0x0000000100000000)
  region size 1024K, 6 young (6144K), 6 survivors (6144K)
 Metaspace       used 135564K, committed 136896K, reserved 1179648K
  class space    used 18812K, committed 19456K, reserved 1048576K
}
Event: 296.249 GC heap before
{Heap before GC invocations=53 (full 0):
 garbage-first heap   total 297984K, used 248739K [0x0000000080000000, 0x0000000100000000)
  region size 1024K, 73 young (74752K), 6 survivors (6144K)
 Metaspace       used 135910K, committed 137280K, reserved 1179648K
  class space    used 18851K, committed 19520K, reserved 1048576K
}
Event: 296.251 GC heap after
{Heap after GC invocations=54 (full 0):
 garbage-first heap   total 297984K, used 181125K [0x0000000080000000, 0x0000000100000000)
  region size 1024K, 6 young (6144K), 6 survivors (6144K)
 Metaspace       used 135910K, committed 137280K, reserved 1179648K
  class space    used 18851K, committed 19520K, reserved 1048576K
}
Event: 296.253 GC heap before
{Heap before GC invocations=54 (full 0):
 garbage-first heap   total 297984K, used 207749K [0x0000000080000000, 0x0000000100000000)
  region size 1024K, 7 young (7168K), 6 survivors (6144K)
 Metaspace       used 135916K, committed 137344K, reserved 1179648K
  class space    used 18852K, committed 19520K, reserved 1048576K
}
Event: 296.256 GC heap after
{Heap after GC invocations=55 (full 0):
 garbage-first heap   total 297984K, used 207994K [0x0000000080000000, 0x0000000100000000)
  region size 1024K, 2 young (2048K), 2 survivors (2048K)
 Metaspace       used 135916K, committed 137344K, reserved 1179648K
  class space    used 18852K, committed 19520K, reserved 1048576K
}

