# JRE version: OpenJDK Runtime Environment (17.0.10) (build 17.0.10+0--11572160)
# Java VM: OpenJDK 64-Bit Server VM (17.0.10+0--11572160, mixed mode, tiered, compressed oops, compressed class ptrs, g1 gc, windows-amd64)
GC Precious Log:
 CPUs: 16 total, 16 available
 Memory: 15654M
 Large Page Support: Disabled
 NUMA Support: Disabled
 Compressed Oops: Enabled (32-bit)
 Heap Region Size: 1M
 Heap Min Capacity: 8M
 Heap Initial Capacity: 246M
 Heap Max Capacity: 2G
 Pre-touch: Disabled
 Parallel Workers: 13
 Concurrent Workers: 3
 Concurrent Refinement Workers: 13
 Periodic GC: Disabled
Heap:
 garbage-first heap   total 276480K, used 246983K [0x0000000080000000, 0x0000000100000000)
  region size 1024K, 71 young (72704K), 3 survivors (3072K)
 Metaspace       used 134415K, committed 135488K, reserved 1179648K
  class space    used 18905K, committed 19456K, reserved 1048576K
GC Heap History (20 events):
Event: 9.438 GC heap before
{Heap before GC invocations=31 (full 0):
 garbage-first heap   total 276480K, used 223946K [0x0000000080000000, 0x0000000100000000)
  region size 1024K, 117 young (119808K), 13 survivors (13312K)
 Metaspace       used 107455K, committed 108416K, reserved 1179648K
  class space    used 15013K, committed 15488K, reserved 1048576K
}
Event: 9.443 GC heap after
{Heap after GC invocations=32 (full 0):
 garbage-first heap   total 276480K, used 122042K [0x0000000080000000, 0x0000000100000000)
  region size 1024K, 12 young (12288K), 12 survivors (12288K)
 Metaspace       used 107455K, committed 108416K, reserved 1179648K
  class space    used 15013K, committed 15488K, reserved 1048576K
}
Event: 10.575 GC heap before
{Heap before GC invocations=32 (full 0):
 garbage-first heap   total 276480K, used 230586K [0x0000000080000000, 0x0000000100000000)
  region size 1024K, 114 young (116736K), 12 survivors (12288K)
 Metaspace       used 111318K, committed 112192K, reserved 1179648K
  class space    used 15501K, committed 15936K, reserved 1048576K
}
Event: 10.579 GC heap after
{Heap after GC invocations=33 (full 0):
 garbage-first heap   total 276480K, used 125949K [0x0000000080000000, 0x0000000100000000)
  region size 1024K, 10 young (10240K), 10 survivors (10240K)
 Metaspace       used 111318K, committed 112192K, reserved 1179648K
  class space    used 15501K, committed 15936K, reserved 1048576K
}
Event: 11.049 GC heap before
{Heap before GC invocations=33 (full 0):
 garbage-first heap   total 276480K, used 226301K [0x0000000080000000, 0x0000000100000000)
  region size 1024K, 109 young (111616K), 10 survivors (10240K)
 Metaspace       used 122624K, committed 123584K, reserved 1179648K
  class space    used 17314K, committed 17792K, reserved 1048576K
}
Event: 11.053 GC heap after
{Heap after GC invocations=34 (full 0):
 garbage-first heap   total 276480K, used 128171K [0x0000000080000000, 0x0000000100000000)
  region size 1024K, 9 young (9216K), 9 survivors (9216K)
 Metaspace       used 122624K, committed 123584K, reserved 1179648K
  class space    used 17314K, committed 17792K, reserved 1048576K
}
Event: 11.066 GC heap before
{Heap before GC invocations=34 (full 0):
 garbage-first heap   total 276480K, used 130219K [0x0000000080000000, 0x0000000100000000)
  region size 1024K, 12 young (12288K), 9 survivors (9216K)
 Metaspace       used 122736K, committed 123648K, reserved 1179648K
  class space    used 17328K, committed 17792K, reserved 1048576K
}
Event: 11.069 GC heap after
{Heap after GC invocations=35 (full 0):
 garbage-first heap   total 276480K, used 128365K [0x0000000080000000, 0x0000000100000000)
  region size 1024K, 3 young (3072K), 3 survivors (3072K)
 Metaspace       used 122736K, committed 123648K, reserved 1179648K
  class space    used 17328K, committed 17792K, reserved 1048576K
}
Event: 11.880 GC heap before
{Heap before GC invocations=36 (full 0):
 garbage-first heap   total 276480K, used 260461K [0x0000000080000000, 0x0000000100000000)
  region size 1024K, 104 young (106496K), 3 survivors (3072K)
 Metaspace       used 129372K, committed 130368K, reserved 1179648K
  class space    used 18407K, committed 18880K, reserved 1048576K
}
Event: 11.884 GC heap after
{Heap after GC invocations=37 (full 0):
 garbage-first heap   total 276480K, used 134745K [0x0000000080000000, 0x0000000100000000)
  region size 1024K, 10 young (10240K), 10 survivors (10240K)
 Metaspace       used 129372K, committed 130368K, reserved 1179648K
  class space    used 18407K, committed 18880K, reserved 1048576K
}
Event: 11.966 GC heap before
{Heap before GC invocations=37 (full 0):
 garbage-first heap   total 276480K, used 136793K [0x0000000080000000, 0x0000000100000000)
  region size 1024K, 13 young (13312K), 10 survivors (10240K)
 Metaspace       used 129606K, committed 130624K, reserved 1179648K
  class space    used 18446K, committed 18944K, reserved 1048576K
}
Event: 11.971 GC heap after
{Heap after GC invocations=38 (full 0):
 garbage-first heap   total 276480K, used 134084K [0x0000000080000000, 0x0000000100000000)
  region size 1024K, 2 young (2048K), 2 survivors (2048K)
 Metaspace       used 129606K, committed 130624K, reserved 1179648K
  class space    used 18446K, committed 18944K, reserved 1048576K
}
Event: 18.802 GC heap before
{Heap before GC invocations=38 (full 0):
 garbage-first heap   total 276480K, used 230340K [0x0000000080000000, 0x0000000100000000)
  region size 1024K, 97 young (99328K), 2 survivors (2048K)
 Metaspace       used 130750K, committed 131776K, reserved 1179648K
  class space    used 18579K, committed 19072K, reserved 1048576K
}
Event: 18.806 GC heap after
{Heap after GC invocations=39 (full 0):
 garbage-first heap   total 276480K, used 143298K [0x0000000080000000, 0x0000000100000000)
  region size 1024K, 11 young (11264K), 11 survivors (11264K)
 Metaspace       used 130750K, committed 131776K, reserved 1179648K
  class space    used 18579K, committed 19072K, reserved 1048576K
}
Event: 19.855 GC heap before
{Heap before GC invocations=40 (full 0):
 garbage-first heap   total 276480K, used 226242K [0x0000000080000000, 0x0000000100000000)
  region size 1024K, 93 young (95232K), 11 survivors (11264K)
 Metaspace       used 130985K, committed 131968K, reserved 1179648K
  class space    used 18573K, committed 19072K, reserved 1048576K
}
Event: 19.862 GC heap after
{Heap after GC invocations=41 (full 0):
 garbage-first heap   total 276480K, used 149438K [0x0000000080000000, 0x0000000100000000)
  region size 1024K, 7 young (7168K), 7 survivors (7168K)
 Metaspace       used 130985K, committed 131968K, reserved 1179648K
  class space    used 18573K, committed 19072K, reserved 1048576K
}
Event: 19.882 GC heap before
{Heap before GC invocations=41 (full 0):
 garbage-first heap   total 276480K, used 155582K [0x0000000080000000, 0x0000000100000000)
  region size 1024K, 13 young (13312K), 7 survivors (7168K)
 Metaspace       used 131048K, committed 132032K, reserved 1179648K
  class space    used 18573K, committed 19072K, reserved 1048576K
}
Event: 19.885 GC heap after
{Heap after GC invocations=42 (full 0):
 garbage-first heap   total 276480K, used 148266K [0x0000000080000000, 0x0000000100000000)
  region size 1024K, 2 young (2048K), 2 survivors (2048K)
 Metaspace       used 131048K, committed 132032K, reserved 1179648K
  class space    used 18573K, committed 19072K, reserved 1048576K
}
Event: 20.306 GC heap before
{Heap before GC invocations=42 (full 0):
 garbage-first heap   total 276480K, used 227114K [0x0000000080000000, 0x0000000100000000)
  region size 1024K, 80 young (81920K), 2 survivors (2048K)
 Metaspace       used 133501K, committed 134528K, reserved 1179648K
  class space    used 18804K, committed 19328K, reserved 1048576K
}
Event: 20.308 GC heap after
{Heap after GC invocations=43 (full 0):
 garbage-first heap   total 276480K, used 149703K [0x0000000080000000, 0x0000000100000000)
  region size 1024K, 3 young (3072K), 3 survivors (3072K)
 Metaspace       used 133501K, committed 134528K, reserved 1179648K
  class space    used 18804K, committed 19328K, reserved 1048576K
}

