# JRE version: OpenJDK Runtime Environment (17.0.10) (build 17.0.10+0--11572160)
# Java VM: OpenJDK 64-Bit Server VM (17.0.10+0--11572160, mixed mode, tiered, compressed oops, compressed class ptrs, g1 gc, windows-amd64)
GC Precious Log:
 CPUs: 16 total, 16 available
 Memory: 15654M
 Large Page Support: Disabled
 NUMA Support: Disabled
 Compressed Oops: Enabled (32-bit)
 Heap Region Size: 1M
 Heap Min Capacity: 8M
 Heap Initial Capacity: 246M
 Heap Max Capacity: 2G
 Pre-touch: Disabled
 Parallel Workers: 13
 Concurrent Workers: 3
 Concurrent Refinement Workers: 13
 Periodic GC: Disabled
Heap:
 garbage-first heap   total 309248K, used 215153K [0x0000000080000000, 0x0000000100000000)
  region size 1024K, 74 young (75776K), 5 survivors (5120K)
 Metaspace       used 106999K, committed 107968K, reserved 1179648K
  class space    used 14882K, committed 15360K, reserved 1048576K
GC Heap History (20 events):
Event: 7.442 GC heap before
{Heap before GC invocations=32 (full 0):
 garbage-first heap   total 200704K, used 163025K [0x0000000080000000, 0x0000000100000000)
  region size 1024K, 75 young (76800K), 6 survivors (6144K)
 Metaspace       used 97365K, committed 98112K, reserved 1179648K
  class space    used 13597K, committed 13952K, reserved 1048576K
}
Event: 7.447 GC heap after
{Heap after GC invocations=33 (full 0):
 garbage-first heap   total 200704K, used 96058K [0x0000000080000000, 0x0000000100000000)
  region size 1024K, 7 young (7168K), 7 survivors (7168K)
 Metaspace       used 97365K, committed 98112K, reserved 1179648K
  class space    used 13597K, committed 13952K, reserved 1048576K
}
Event: 8.018 GC heap before
{Heap before GC invocations=33 (full 0):
 garbage-first heap   total 200704K, used 164666K [0x0000000080000000, 0x0000000100000000)
  region size 1024K, 75 young (76800K), 7 survivors (7168K)
 Metaspace       used 101292K, committed 102080K, reserved 1179648K
  class space    used 14203K, committed 14592K, reserved 1048576K
}
Event: 8.023 GC heap after
{Heap after GC invocations=34 (full 0):
 garbage-first heap   total 200704K, used 102893K [0x0000000080000000, 0x0000000100000000)
  region size 1024K, 10 young (10240K), 10 survivors (10240K)
 Metaspace       used 101292K, committed 102080K, reserved 1179648K
  class space    used 14203K, committed 14592K, reserved 1048576K
}
Event: 8.165 GC heap before
{Heap before GC invocations=34 (full 0):
 garbage-first heap   total 200704K, used 163309K [0x0000000080000000, 0x0000000100000000)
  region size 1024K, 70 young (71680K), 10 survivors (10240K)
 Metaspace       used 101864K, committed 102720K, reserved 1179648K
  class space    used 14298K, committed 14720K, reserved 1048576K
}
Event: 8.170 GC heap after
{Heap after GC invocations=35 (full 0):
 garbage-first heap   total 200704K, used 108214K [0x0000000080000000, 0x0000000100000000)
  region size 1024K, 6 young (6144K), 6 survivors (6144K)
 Metaspace       used 101864K, committed 102720K, reserved 1179648K
  class space    used 14298K, committed 14720K, reserved 1048576K
}
Event: 8.335 GC heap before
{Heap before GC invocations=35 (full 0):
 garbage-first heap   total 200704K, used 163510K [0x0000000080000000, 0x0000000100000000)
  region size 1024K, 61 young (62464K), 6 survivors (6144K)
 Metaspace       used 102285K, committed 103104K, reserved 1179648K
  class space    used 14366K, committed 14784K, reserved 1048576K
}
Event: 8.338 GC heap after
{Heap after GC invocations=36 (full 0):
 garbage-first heap   total 200704K, used 110302K [0x0000000080000000, 0x0000000100000000)
  region size 1024K, 5 young (5120K), 5 survivors (5120K)
 Metaspace       used 102285K, committed 103104K, reserved 1179648K
  class space    used 14366K, committed 14784K, reserved 1048576K
}
Event: 8.515 GC heap before
{Heap before GC invocations=36 (full 0):
 garbage-first heap   total 200704K, used 164574K [0x0000000080000000, 0x0000000100000000)
  region size 1024K, 59 young (60416K), 5 survivors (5120K)
 Metaspace       used 102652K, committed 103424K, reserved 1179648K
  class space    used 14403K, committed 14784K, reserved 1048576K
}
Event: 8.518 GC heap after
{Heap after GC invocations=37 (full 0):
 garbage-first heap   total 309248K, used 112244K [0x0000000080000000, 0x0000000100000000)
  region size 1024K, 7 young (7168K), 7 survivors (7168K)
 Metaspace       used 102652K, committed 103424K, reserved 1179648K
  class space    used 14403K, committed 14784K, reserved 1048576K
}
Event: 8.848 GC heap before
{Heap before GC invocations=37 (full 0):
 garbage-first heap   total 309248K, used 244340K [0x0000000080000000, 0x0000000100000000)
  region size 1024K, 137 young (140288K), 7 survivors (7168K)
 Metaspace       used 103064K, committed 103872K, reserved 1179648K
  class space    used 14445K, committed 14848K, reserved 1048576K
}
Event: 8.851 GC heap after
{Heap after GC invocations=38 (full 0):
 garbage-first heap   total 309248K, used 117103K [0x0000000080000000, 0x0000000100000000)
  region size 1024K, 11 young (11264K), 11 survivors (11264K)
 Metaspace       used 103064K, committed 103872K, reserved 1179648K
  class space    used 14445K, committed 14848K, reserved 1048576K
}
Event: 9.141 GC heap before
{Heap before GC invocations=38 (full 0):
 garbage-first heap   total 309248K, used 248175K [0x0000000080000000, 0x0000000100000000)
  region size 1024K, 140 young (143360K), 11 survivors (11264K)
 Metaspace       used 103571K, committed 104448K, reserved 1179648K
  class space    used 14491K, committed 14912K, reserved 1048576K
}
Event: 9.145 GC heap after
{Heap after GC invocations=39 (full 0):
 garbage-first heap   total 309248K, used 121239K [0x0000000080000000, 0x0000000100000000)
  region size 1024K, 14 young (14336K), 14 survivors (14336K)
 Metaspace       used 103571K, committed 104448K, reserved 1179648K
  class space    used 14491K, committed 14912K, reserved 1048576K
}
Event: 18.240 GC heap before
{Heap before GC invocations=39 (full 0):
 garbage-first heap   total 309248K, used 251287K [0x0000000080000000, 0x0000000100000000)
  region size 1024K, 142 young (145408K), 14 survivors (14336K)
 Metaspace       used 105182K, committed 106048K, reserved 1179648K
  class space    used 14674K, committed 15104K, reserved 1048576K
}
Event: 18.246 GC heap after
{Heap after GC invocations=40 (full 0):
 garbage-first heap   total 309248K, used 131816K [0x0000000080000000, 0x0000000100000000)
  region size 1024K, 18 young (18432K), 18 survivors (18432K)
 Metaspace       used 105182K, committed 106048K, reserved 1179648K
  class space    used 14674K, committed 15104K, reserved 1048576K
}
Event: 32.405 GC heap before
{Heap before GC invocations=40 (full 0):
 garbage-first heap   total 309248K, used 247528K [0x0000000080000000, 0x0000000100000000)
  region size 1024K, 132 young (135168K), 18 survivors (18432K)
 Metaspace       used 105775K, committed 106688K, reserved 1179648K
  class space    used 14722K, committed 15168K, reserved 1048576K
}
Event: 32.413 GC heap after
{Heap after GC invocations=41 (full 0):
 garbage-first heap   total 309248K, used 141855K [0x0000000080000000, 0x0000000100000000)
  region size 1024K, 12 young (12288K), 12 survivors (12288K)
 Metaspace       used 105775K, committed 106688K, reserved 1179648K
  class space    used 14722K, committed 15168K, reserved 1048576K
}
Event: 32.574 GC heap before
{Heap before GC invocations=41 (full 0):
 garbage-first heap   total 309248K, used 165407K [0x0000000080000000, 0x0000000100000000)
  region size 1024K, 36 young (36864K), 12 survivors (12288K)
 Metaspace       used 105920K, committed 106816K, reserved 1179648K
  class space    used 14725K, committed 15168K, reserved 1048576K
}
Event: 32.578 GC heap after
{Heap after GC invocations=42 (full 0):
 garbage-first heap   total 309248K, used 145521K [0x0000000080000000, 0x0000000100000000)
  region size 1024K, 5 young (5120K), 5 survivors (5120K)
 Metaspace       used 105920K, committed 106816K, reserved 1179648K
  class space    used 14725K, committed 15168K, reserved 1048576K
}

