# JRE version: OpenJDK Runtime Environment (17.0.10) (build 17.0.10+0--11572160)
# Java VM: OpenJDK 64-Bit Server VM (17.0.10+0--11572160, mixed mode, tiered, compressed oops, compressed class ptrs, g1 gc, windows-amd64)
GC Precious Log:
 CPUs: 16 total, 16 available
 Memory: 15654M
 Large Page Support: Disabled
 NUMA Support: Disabled
 Compressed Oops: Enabled (32-bit)
 Heap Region Size: 1M
 Heap Min Capacity: 8M
 Heap Initial Capacity: 246M
 Heap Max Capacity: 2G
 Pre-touch: Disabled
 Parallel Workers: 13
 Concurrent Workers: 3
 Concurrent Refinement Workers: 13
 Periodic GC: Disabled
Heap:
 garbage-first heap   total 343040K, used 228590K [0x0000000080000000, 0x0000000100000000)
  region size 1024K, 93 young (95232K), 2 survivors (2048K)
 Metaspace       used 139478K, committed 141184K, reserved 1179648K
  class space    used 19898K, committed 20736K, reserved 1048576K
GC Heap History (20 events):
Event: 785.873 GC heap before
{Heap before GC invocations=59 (full 0):
 garbage-first heap   total 343040K, used 162481K [0x0000000080000000, 0x0000000100000000)
  region size 1024K, 16 young (16384K), 15 survivors (15360K)
 Metaspace       used 137045K, committed 138176K, reserved 1179648K
  class space    used 19595K, committed 20160K, reserved 1048576K
}
Event: 785.882 GC heap after
{Heap after GC invocations=60 (full 0):
 garbage-first heap   total 343040K, used 151238K [0x0000000080000000, 0x0000000100000000)
  region size 1024K, 2 young (2048K), 2 survivors (2048K)
 Metaspace       used 137045K, committed 138176K, reserved 1179648K
  class space    used 19595K, committed 20160K, reserved 1048576K
}
Event: 786.022 GC heap before
{Heap before GC invocations=60 (full 0):
 garbage-first heap   total 343040K, used 201414K [0x0000000080000000, 0x0000000100000000)
  region size 1024K, 53 young (54272K), 2 survivors (2048K)
 Metaspace       used 137227K, committed 138368K, reserved 1179648K
  class space    used 19597K, committed 20160K, reserved 1048576K
}
Event: 786.024 GC heap after
{Heap after GC invocations=61 (full 0):
 garbage-first heap   total 343040K, used 150352K [0x0000000080000000, 0x0000000100000000)
  region size 1024K, 2 young (2048K), 2 survivors (2048K)
 Metaspace       used 137227K, committed 138368K, reserved 1179648K
  class space    used 19597K, committed 20160K, reserved 1048576K
}
Event: 812.340 GC heap before
{Heap before GC invocations=62 (full 0):
 garbage-first heap   total 343040K, used 306000K [0x0000000080000000, 0x0000000100000000)
  region size 1024K, 127 young (130048K), 2 survivors (2048K)
 Metaspace       used 137478K, committed 138624K, reserved 1179648K
  class space    used 19598K, committed 20160K, reserved 1048576K
}
Event: 812.346 GC heap after
{Heap after GC invocations=63 (full 0):
 garbage-first heap   total 343040K, used 163111K [0x0000000080000000, 0x0000000100000000)
  region size 1024K, 14 young (14336K), 14 survivors (14336K)
 Metaspace       used 137478K, committed 138624K, reserved 1179648K
  class space    used 19598K, committed 20160K, reserved 1048576K
}
Event: 812.918 GC heap before
{Heap before GC invocations=63 (full 0):
 garbage-first heap   total 343040K, used 164135K [0x0000000080000000, 0x0000000100000000)
  region size 1024K, 16 young (16384K), 14 survivors (14336K)
 Metaspace       used 137484K, committed 138624K, reserved 1179648K
  class space    used 19598K, committed 20160K, reserved 1048576K
}
Event: 812.928 GC heap after
{Heap after GC invocations=64 (full 0):
 garbage-first heap   total 343040K, used 149502K [0x0000000080000000, 0x0000000100000000)
  region size 1024K, 2 young (2048K), 2 survivors (2048K)
 Metaspace       used 137484K, committed 138624K, reserved 1179648K
  class space    used 19598K, committed 20160K, reserved 1048576K
}
Event: 813.057 GC heap before
{Heap before GC invocations=64 (full 0):
 garbage-first heap   total 343040K, used 198654K [0x0000000080000000, 0x0000000100000000)
  region size 1024K, 52 young (53248K), 2 survivors (2048K)
 Metaspace       used 137654K, committed 138816K, reserved 1179648K
  class space    used 19598K, committed 20160K, reserved 1048576K
}
Event: 813.059 GC heap after
{Heap after GC invocations=65 (full 0):
 garbage-first heap   total 343040K, used 148811K [0x0000000080000000, 0x0000000100000000)
  region size 1024K, 2 young (2048K), 2 survivors (2048K)
 Metaspace       used 137654K, committed 138816K, reserved 1179648K
  class space    used 19598K, committed 20160K, reserved 1048576K
}
Event: 839.320 GC heap before
{Heap before GC invocations=66 (full 0):
 garbage-first heap   total 343040K, used 303435K [0x0000000080000000, 0x0000000100000000)
  region size 1024K, 128 young (131072K), 2 survivors (2048K)
 Metaspace       used 138818K, committed 140416K, reserved 1179648K
  class space    used 19830K, committed 20608K, reserved 1048576K
}
Event: 839.328 GC heap after
{Heap after GC invocations=67 (full 0):
 garbage-first heap   total 343040K, used 158757K [0x0000000080000000, 0x0000000100000000)
  region size 1024K, 14 young (14336K), 14 survivors (14336K)
 Metaspace       used 138818K, committed 140416K, reserved 1179648K
  class space    used 19830K, committed 20608K, reserved 1048576K
}
Event: 839.333 GC heap before
{Heap before GC invocations=67 (full 0):
 garbage-first heap   total 343040K, used 160805K [0x0000000080000000, 0x0000000100000000)
  region size 1024K, 16 young (16384K), 14 survivors (14336K)
 Metaspace       used 138818K, committed 140416K, reserved 1179648K
  class space    used 19830K, committed 20608K, reserved 1048576K
}
Event: 839.338 GC heap after
{Heap after GC invocations=68 (full 0):
 garbage-first heap   total 343040K, used 149761K [0x0000000080000000, 0x0000000100000000)
  region size 1024K, 2 young (2048K), 2 survivors (2048K)
 Metaspace       used 138818K, committed 140416K, reserved 1179648K
  class space    used 19830K, committed 20608K, reserved 1048576K
}
Event: 840.055 GC heap before
{Heap before GC invocations=68 (full 0):
 garbage-first heap   total 343040K, used 201985K [0x0000000080000000, 0x0000000100000000)
  region size 1024K, 55 young (56320K), 2 survivors (2048K)
 Metaspace       used 139152K, committed 140800K, reserved 1179648K
  class space    used 19893K, committed 20672K, reserved 1048576K
}
Event: 840.057 GC heap after
{Heap after GC invocations=69 (full 0):
 garbage-first heap   total 343040K, used 149906K [0x0000000080000000, 0x0000000100000000)
  region size 1024K, 2 young (2048K), 2 survivors (2048K)
 Metaspace       used 139152K, committed 140800K, reserved 1179648K
  class space    used 19893K, committed 20672K, reserved 1048576K
}
Event: 862.928 GC heap before
{Heap before GC invocations=70 (full 0):
 garbage-first heap   total 343040K, used 306578K [0x0000000080000000, 0x0000000100000000)
  region size 1024K, 130 young (133120K), 2 survivors (2048K)
 Metaspace       used 139381K, committed 141120K, reserved 1179648K
  class space    used 19897K, committed 20736K, reserved 1048576K
}
Event: 862.933 GC heap after
{Heap after GC invocations=71 (full 0):
 garbage-first heap   total 343040K, used 146971K [0x0000000080000000, 0x0000000100000000)
  region size 1024K, 2 young (2048K), 2 survivors (2048K)
 Metaspace       used 139381K, committed 141120K, reserved 1179648K
  class space    used 19897K, committed 20736K, reserved 1048576K
}
Event: 862.967 GC heap before
{Heap before GC invocations=71 (full 0):
 garbage-first heap   total 343040K, used 161307K [0x0000000080000000, 0x0000000100000000)
  region size 1024K, 16 young (16384K), 2 survivors (2048K)
 Metaspace       used 139398K, committed 141120K, reserved 1179648K
  class space    used 19897K, committed 20736K, reserved 1048576K
}
Event: 862.972 GC heap after
{Heap after GC invocations=72 (full 0):
 garbage-first heap   total 343040K, used 137454K [0x0000000080000000, 0x0000000100000000)
  region size 1024K, 2 young (2048K), 2 survivors (2048K)
 Metaspace       used 139398K, committed 141120K, reserved 1179648K
  class space    used 19897K, committed 20736K, reserved 1048576K
}

