# JRE version: OpenJDK Runtime Environment (17.0.10) (build 17.0.10+0--11572160)
# Java VM: OpenJDK 64-Bit Server VM (17.0.10+0--11572160, mixed mode, tiered, compressed oops, compressed class ptrs, g1 gc, windows-amd64)
GC Precious Log:
 CPUs: 16 total, 16 available
 Memory: 15654M
 Large Page Support: Disabled
 NUMA Support: Disabled
 Compressed Oops: Enabled (32-bit)
 Heap Region Size: 1M
 Heap Min Capacity: 8M
 Heap Initial Capacity: 246M
 Heap Max Capacity: 2G
 Pre-touch: Disabled
 Parallel Workers: 13
 Concurrent Workers: 3
 Concurrent Refinement Workers: 13
 Periodic GC: Disabled
Heap:
 garbage-first heap   total 86016K, used 55538K [0x0000000080000000, 0x0000000100000000)
  region size 1024K, 23 young (23552K), 3 survivors (3072K)
 Metaspace       used 55462K, committed 56000K, reserved 1114112K
  class space    used 7616K, committed 7872K, reserved 1048576K
GC Heap History (20 events):
Event: 2.618 GC heap before
{Heap before GC invocations=4 (full 0):
 garbage-first heap   total 71680K, used 51703K [0x0000000080000000, 0x0000000100000000)
  region size 1024K, 42 young (43008K), 9 survivors (9216K)
 Metaspace       used 26214K, committed 26496K, reserved 1114112K
  class space    used 3344K, committed 3456K, reserved 1048576K
}
Event: 2.624 GC heap after
{Heap after GC invocations=5 (full 0):
 garbage-first heap   total 71680K, used 20786K [0x0000000080000000, 0x0000000100000000)
  region size 1024K, 2 young (2048K), 2 survivors (2048K)
 Metaspace       used 26214K, committed 26496K, reserved 1114112K
  class space    used 3344K, committed 3456K, reserved 1048576K
}
Event: 3.285 GC heap before
{Heap before GC invocations=5 (full 0):
 garbage-first heap   total 71680K, used 49458K [0x0000000080000000, 0x0000000100000000)
  region size 1024K, 31 young (31744K), 2 survivors (2048K)
 Metaspace       used 30278K, committed 30592K, reserved 1114112K
  class space    used 4033K, committed 4160K, reserved 1048576K
}
Event: 3.286 GC heap after
{Heap after GC invocations=6 (full 0):
 garbage-first heap   total 71680K, used 22295K [0x0000000080000000, 0x0000000100000000)
  region size 1024K, 4 young (4096K), 4 survivors (4096K)
 Metaspace       used 30278K, committed 30592K, reserved 1114112K
  class space    used 4033K, committed 4160K, reserved 1048576K
}
Event: 3.693 GC heap before
{Heap before GC invocations=6 (full 0):
 garbage-first heap   total 71680K, used 50967K [0x0000000080000000, 0x0000000100000000)
  region size 1024K, 32 young (32768K), 4 survivors (4096K)
 Metaspace       used 33787K, committed 34176K, reserved 1114112K
  class space    used 4608K, committed 4800K, reserved 1048576K
}
Event: 3.695 GC heap after
{Heap after GC invocations=7 (full 0):
 garbage-first heap   total 71680K, used 23653K [0x0000000080000000, 0x0000000100000000)
  region size 1024K, 4 young (4096K), 4 survivors (4096K)
 Metaspace       used 33787K, committed 34176K, reserved 1114112K
  class space    used 4608K, committed 4800K, reserved 1048576K
}
Event: 3.880 GC heap before
{Heap before GC invocations=7 (full 0):
 garbage-first heap   total 71680K, used 32869K [0x0000000080000000, 0x0000000100000000)
  region size 1024K, 15 young (15360K), 4 survivors (4096K)
 Metaspace       used 35796K, committed 36096K, reserved 1114112K
  class space    used 4878K, committed 5056K, reserved 1048576K
}
Event: 3.882 GC heap after
{Heap after GC invocations=8 (full 0):
 garbage-first heap   total 71680K, used 24085K [0x0000000080000000, 0x0000000100000000)
  region size 1024K, 2 young (2048K), 2 survivors (2048K)
 Metaspace       used 35796K, committed 36096K, reserved 1114112K
  class space    used 4878K, committed 5056K, reserved 1048576K
}
Event: 4.255 GC heap before
{Heap before GC invocations=9 (full 0):
 garbage-first heap   total 71680K, used 53781K [0x0000000080000000, 0x0000000100000000)
  region size 1024K, 32 young (32768K), 2 survivors (2048K)
 Metaspace       used 41036K, committed 41344K, reserved 1114112K
  class space    used 5418K, committed 5568K, reserved 1048576K
}
Event: 4.257 GC heap after
{Heap after GC invocations=10 (full 0):
 garbage-first heap   total 71680K, used 27871K [0x0000000080000000, 0x0000000100000000)
  region size 1024K, 4 young (4096K), 4 survivors (4096K)
 Metaspace       used 41036K, committed 41344K, reserved 1114112K
  class space    used 5418K, committed 5568K, reserved 1048576K
}
Event: 4.480 GC heap before
{Heap before GC invocations=10 (full 0):
 garbage-first heap   total 71680K, used 54495K [0x0000000080000000, 0x0000000100000000)
  region size 1024K, 31 young (31744K), 4 survivors (4096K)
 Metaspace       used 42153K, committed 42560K, reserved 1114112K
  class space    used 5599K, committed 5760K, reserved 1048576K
}
Event: 4.483 GC heap after
{Heap after GC invocations=11 (full 0):
 garbage-first heap   total 71680K, used 29928K [0x0000000080000000, 0x0000000100000000)
  region size 1024K, 2 young (2048K), 2 survivors (2048K)
 Metaspace       used 42153K, committed 42560K, reserved 1114112K
  class space    used 5599K, committed 5760K, reserved 1048576K
}
Event: 5.128 GC heap before
{Heap before GC invocations=11 (full 0):
 garbage-first heap   total 71680K, used 56552K [0x0000000080000000, 0x0000000100000000)
  region size 1024K, 28 young (28672K), 2 survivors (2048K)
 Metaspace       used 45505K, committed 46016K, reserved 1114112K
  class space    used 6161K, committed 6400K, reserved 1048576K
}
Event: 5.131 GC heap after
{Heap after GC invocations=12 (full 0):
 garbage-first heap   total 71680K, used 31970K [0x0000000080000000, 0x0000000100000000)
  region size 1024K, 4 young (4096K), 4 survivors (4096K)
 Metaspace       used 45505K, committed 46016K, reserved 1114112K
  class space    used 6161K, committed 6400K, reserved 1048576K
}
Event: 5.504 GC heap before
{Heap before GC invocations=12 (full 0):
 garbage-first heap   total 71680K, used 56546K [0x0000000080000000, 0x0000000100000000)
  region size 1024K, 28 young (28672K), 4 survivors (4096K)
 Metaspace       used 48629K, committed 49088K, reserved 1114112K
  class space    used 6642K, committed 6848K, reserved 1048576K
}
Event: 5.506 GC heap after
{Heap after GC invocations=13 (full 0):
 garbage-first heap   total 71680K, used 33229K [0x0000000080000000, 0x0000000100000000)
  region size 1024K, 2 young (2048K), 2 survivors (2048K)
 Metaspace       used 48629K, committed 49088K, reserved 1114112K
  class space    used 6642K, committed 6848K, reserved 1048576K
}
Event: 5.793 GC heap before
{Heap before GC invocations=13 (full 0):
 garbage-first heap   total 71680K, used 56781K [0x0000000080000000, 0x0000000100000000)
  region size 1024K, 25 young (25600K), 2 survivors (2048K)
 Metaspace       used 51593K, committed 52096K, reserved 1114112K
  class space    used 7129K, committed 7360K, reserved 1048576K
}
Event: 5.796 GC heap after
{Heap after GC invocations=14 (full 0):
 garbage-first heap   total 71680K, used 34395K [0x0000000080000000, 0x0000000100000000)
  region size 1024K, 3 young (3072K), 3 survivors (3072K)
 Metaspace       used 51593K, committed 52096K, reserved 1114112K
  class space    used 7129K, committed 7360K, reserved 1048576K
}
Event: 5.917 GC heap before
{Heap before GC invocations=15 (full 0):
 garbage-first heap   total 71680K, used 41563K [0x0000000080000000, 0x0000000100000000)
  region size 1024K, 12 young (12288K), 3 survivors (3072K)
 Metaspace       used 52480K, committed 52928K, reserved 1114112K
  class space    used 7278K, committed 7488K, reserved 1048576K
}
Event: 5.919 GC heap after
{Heap after GC invocations=16 (full 0):
 garbage-first heap   total 86016K, used 35058K [0x0000000080000000, 0x0000000100000000)
  region size 1024K, 3 young (3072K), 3 survivors (3072K)
 Metaspace       used 52480K, committed 52928K, reserved 1114112K
  class space    used 7278K, committed 7488K, reserved 1048576K
}

