# JRE version: OpenJDK Runtime Environment (17.0.10) (build 17.0.10+0--11572160)
# Java VM: OpenJDK 64-Bit Server VM (17.0.10+0--11572160, mixed mode, tiered, compressed oops, compressed class ptrs, g1 gc, windows-amd64)
GC Precious Log:
 CPUs: 16 total, 16 available
 Memory: 15654M
 Large Page Support: Disabled
 NUMA Support: Disabled
 Compressed Oops: Enabled (32-bit)
 Heap Region Size: 1M
 Heap Min Capacity: 8M
 Heap Initial Capacity: 246M
 Heap Max Capacity: 2G
 Pre-touch: Disabled
 Parallel Workers: 13
 Concurrent Workers: 3
 Concurrent Refinement Workers: 13
 Periodic GC: Disabled
Heap:
 garbage-first heap   total 413696K, used 246906K [0x0000000080000000, 0x0000000100000000)
  region size 1024K, 46 young (47104K), 8 survivors (8192K)
 Metaspace       used 151335K, committed 152896K, reserved 1179648K
  class space    used 22062K, committed 22784K, reserved 1048576K
GC Heap History (20 events):
Event: 12.255 GC heap before
{Heap before GC invocations=34 (full 0):
 garbage-first heap   total 413696K, used 323874K [0x0000000080000000, 0x0000000100000000)
  region size 1024K, 214 young (219136K), 9 survivors (9216K)
 Metaspace       used 109791K, committed 110656K, reserved 1179648K
  class space    used 15122K, committed 15552K, reserved 1048576K
}
Event: 12.262 GC heap after
{Heap after GC invocations=35 (full 0):
 garbage-first heap   total 413696K, used 123155K [0x0000000080000000, 0x0000000100000000)
  region size 1024K, 17 young (17408K), 17 survivors (17408K)
 Metaspace       used 109791K, committed 110656K, reserved 1179648K
  class space    used 15122K, committed 15552K, reserved 1048576K
}
Event: 171.149 GC heap before
{Heap before GC invocations=35 (full 0):
 garbage-first heap   total 413696K, used 327955K [0x0000000080000000, 0x0000000100000000)
  region size 1024K, 218 young (223232K), 17 survivors (17408K)
 Metaspace       used 116969K, committed 117888K, reserved 1179648K
  class space    used 16028K, committed 16512K, reserved 1048576K
}
Event: 171.161 GC heap after
{Heap after GC invocations=36 (full 0):
 garbage-first heap   total 413696K, used 134490K [0x0000000080000000, 0x0000000100000000)
  region size 1024K, 22 young (22528K), 22 survivors (22528K)
 Metaspace       used 116969K, committed 117888K, reserved 1179648K
  class space    used 16028K, committed 16512K, reserved 1048576K
}
Event: 187.471 GC heap before
{Heap before GC invocations=36 (full 0):
 garbage-first heap   total 413696K, used 328026K [0x0000000080000000, 0x0000000100000000)
  region size 1024K, 212 young (217088K), 22 survivors (22528K)
 Metaspace       used 119026K, committed 120064K, reserved 1179648K
  class space    used 16228K, committed 16704K, reserved 1048576K
}
Event: 187.484 GC heap after
{Heap after GC invocations=37 (full 0):
 garbage-first heap   total 413696K, used 147754K [0x0000000080000000, 0x0000000100000000)
  region size 1024K, 15 young (15360K), 15 survivors (15360K)
 Metaspace       used 119026K, committed 120064K, reserved 1179648K
  class space    used 16228K, committed 16704K, reserved 1048576K
}
Event: 189.764 GC heap before
{Heap before GC invocations=37 (full 0):
 garbage-first heap   total 413696K, used 331050K [0x0000000080000000, 0x0000000100000000)
  region size 1024K, 195 young (199680K), 15 survivors (15360K)
 Metaspace       used 122593K, committed 123712K, reserved 1179648K
  class space    used 16725K, committed 17280K, reserved 1048576K
}
Event: 189.772 GC heap after
{Heap after GC invocations=38 (full 0):
 garbage-first heap   total 413696K, used 162204K [0x0000000080000000, 0x0000000100000000)
  region size 1024K, 15 young (15360K), 15 survivors (15360K)
 Metaspace       used 122593K, committed 123712K, reserved 1179648K
  class space    used 16725K, committed 17280K, reserved 1048576K
}
Event: 190.665 GC heap before
{Heap before GC invocations=38 (full 0):
 garbage-first heap   total 413696K, used 332188K [0x0000000080000000, 0x0000000100000000)
  region size 1024K, 182 young (186368K), 15 survivors (15360K)
 Metaspace       used 139265K, committed 140480K, reserved 1179648K
  class space    used 20138K, committed 20736K, reserved 1048576K
}
Event: 190.671 GC heap after
{Heap after GC invocations=39 (full 0):
 garbage-first heap   total 413696K, used 170603K [0x0000000080000000, 0x0000000100000000)
  region size 1024K, 8 young (8192K), 8 survivors (8192K)
 Metaspace       used 139265K, committed 140480K, reserved 1179648K
  class space    used 20138K, committed 20736K, reserved 1048576K
}
Event: 191.483 GC heap before
{Heap before GC invocations=39 (full 0):
 garbage-first heap   total 413696K, used 336491K [0x0000000080000000, 0x0000000100000000)
  region size 1024K, 171 young (175104K), 8 survivors (8192K)
 Metaspace       used 146918K, committed 148160K, reserved 1179648K
  class space    used 21650K, committed 22272K, reserved 1048576K
}
Event: 191.488 GC heap after
{Heap after GC invocations=40 (full 0):
 garbage-first heap   total 413696K, used 171890K [0x0000000080000000, 0x0000000100000000)
  region size 1024K, 10 young (10240K), 10 survivors (10240K)
 Metaspace       used 146918K, committed 148160K, reserved 1179648K
  class space    used 21650K, committed 22272K, reserved 1048576K
}
Event: 247.139 GC heap before
{Heap before GC invocations=40 (full 0):
 garbage-first heap   total 413696K, used 369522K [0x0000000080000000, 0x0000000100000000)
  region size 1024K, 175 young (179200K), 10 survivors (10240K)
 Metaspace       used 149225K, committed 150528K, reserved 1179648K
  class space    used 21912K, committed 22528K, reserved 1048576K
}
Event: 247.176 GC heap after
{Heap after GC invocations=41 (full 0):
 garbage-first heap   total 413696K, used 186334K [0x0000000080000000, 0x0000000100000000)
  region size 1024K, 22 young (22528K), 22 survivors (22528K)
 Metaspace       used 149225K, committed 150528K, reserved 1179648K
  class space    used 21912K, committed 22528K, reserved 1048576K
}
Event: 274.341 GC heap before
{Heap before GC invocations=41 (full 0):
 garbage-first heap   total 413696K, used 366558K [0x0000000080000000, 0x0000000100000000)
  region size 1024K, 170 young (174080K), 22 survivors (22528K)
 Metaspace       used 149890K, committed 151168K, reserved 1179648K
  class space    used 21921K, committed 22528K, reserved 1048576K
}
Event: 274.355 GC heap after
{Heap after GC invocations=42 (full 0):
 garbage-first heap   total 413696K, used 190910K [0x0000000080000000, 0x0000000100000000)
  region size 1024K, 6 young (6144K), 6 survivors (6144K)
 Metaspace       used 149890K, committed 151168K, reserved 1179648K
  class space    used 21921K, committed 22528K, reserved 1048576K
}
Event: 275.861 GC heap before
{Heap before GC invocations=42 (full 0):
 garbage-first heap   total 413696K, used 340414K [0x0000000080000000, 0x0000000100000000)
  region size 1024K, 153 young (156672K), 6 survivors (6144K)
 Metaspace       used 150651K, committed 152064K, reserved 1179648K
  class space    used 21995K, committed 22656K, reserved 1048576K
}
Event: 275.868 GC heap after
{Heap after GC invocations=43 (full 0):
 garbage-first heap   total 413696K, used 204051K [0x0000000080000000, 0x0000000100000000)
  region size 1024K, 19 young (19456K), 19 survivors (19456K)
 Metaspace       used 150651K, committed 152064K, reserved 1179648K
  class space    used 21995K, committed 22656K, reserved 1048576K
}
Event: 286.455 GC heap before
{Heap before GC invocations=43 (full 0):
 garbage-first heap   total 413696K, used 368915K [0x0000000080000000, 0x0000000100000000)
  region size 1024K, 152 young (155648K), 19 survivors (19456K)
 Metaspace       used 151110K, committed 152576K, reserved 1179648K
  class space    used 22016K, committed 22720K, reserved 1048576K
}
Event: 286.463 GC heap after
{Heap after GC invocations=44 (full 0):
 garbage-first heap   total 413696K, used 209018K [0x0000000080000000, 0x0000000100000000)
  region size 1024K, 8 young (8192K), 8 survivors (8192K)
 Metaspace       used 151110K, committed 152576K, reserved 1179648K
  class space    used 22016K, committed 22720K, reserved 1048576K
}

