# JRE version: OpenJDK Runtime Environment (17.0.10) (build 17.0.10+0--11572160)
# Java VM: OpenJDK 64-Bit Server VM (17.0.10+0--11572160, mixed mode, tiered, compressed oops, compressed class ptrs, g1 gc, windows-amd64)
GC Precious Log:
 CPUs: 16 total, 16 available
 Memory: 15654M
 Large Page Support: Disabled
 NUMA Support: Disabled
 Compressed Oops: Enabled (32-bit)
 Heap Region Size: 1M
 Heap Min Capacity: 8M
 Heap Initial Capacity: 246M
 Heap Max Capacity: 2G
 Pre-touch: Disabled
 Parallel Workers: 13
 Concurrent Workers: 3
 Concurrent Refinement Workers: 13
 Periodic GC: Disabled
Heap:
 garbage-first heap   total 288768K, used 136117K [0x0000000080000000, 0x0000000100000000)
  region size 1024K, 4 young (4096K), 4 survivors (4096K)
 Metaspace       used 141470K, committed 142592K, reserved 1179648K
  class space    used 19802K, committed 20352K, reserved 1048576K
GC Heap History (20 events):
Event: 6043.600 GC heap after
{Heap after GC invocations=54 (full 0):
 garbage-first heap   total 288768K, used 143275K [0x0000000080000000, 0x0000000100000000)
  region size 1024K, 2 young (2048K), 2 survivors (2048K)
 Metaspace       used 131195K, committed 132224K, reserved 1179648K
  class space    used 18742K, committed 19264K, reserved 1048576K
}
Event: 6044.266 GC heap before
{Heap before GC invocations=55 (full 0):
 garbage-first heap   total 288768K, used 239531K [0x0000000080000000, 0x0000000100000000)
  region size 1024K, 97 young (99328K), 2 survivors (2048K)
 Metaspace       used 133352K, committed 134400K, reserved 1179648K
  class space    used 18983K, committed 19520K, reserved 1048576K
}
Event: 6044.273 GC heap after
{Heap after GC invocations=56 (full 0):
 garbage-first heap   total 288768K, used 154942K [0x0000000080000000, 0x0000000100000000)
  region size 1024K, 13 young (13312K), 13 survivors (13312K)
 Metaspace       used 133352K, committed 134400K, reserved 1179648K
  class space    used 18983K, committed 19520K, reserved 1048576K
}
Event: 6044.280 GC heap before
{Heap before GC invocations=56 (full 0):
 garbage-first heap   total 288768K, used 155966K [0x0000000080000000, 0x0000000100000000)
  region size 1024K, 14 young (14336K), 13 survivors (13312K)
 Metaspace       used 133352K, committed 134400K, reserved 1179648K
  class space    used 18983K, committed 19520K, reserved 1048576K
}
Event: 6044.292 GC heap after
{Heap after GC invocations=57 (full 0):
 garbage-first heap   total 288768K, used 138919K [0x0000000080000000, 0x0000000100000000)
  region size 1024K, 1 young (1024K), 1 survivors (1024K)
 Metaspace       used 133352K, committed 134400K, reserved 1179648K
  class space    used 18983K, committed 19520K, reserved 1048576K
}
Event: 6044.431 GC heap before
{Heap before GC invocations=57 (full 0):
 garbage-first heap   total 288768K, used 151207K [0x0000000080000000, 0x0000000100000000)
  region size 1024K, 14 young (14336K), 1 survivors (1024K)
 Metaspace       used 133502K, committed 134592K, reserved 1179648K
  class space    used 18983K, committed 19520K, reserved 1048576K
}
Event: 6044.434 GC heap after
{Heap after GC invocations=58 (full 0):
 garbage-first heap   total 288768K, used 139879K [0x0000000080000000, 0x0000000100000000)
  region size 1024K, 2 young (2048K), 2 survivors (2048K)
 Metaspace       used 133502K, committed 134592K, reserved 1179648K
  class space    used 18983K, committed 19520K, reserved 1048576K
}
Event: 6045.125 GC heap before
{Heap before GC invocations=58 (full 0):
 garbage-first heap   total 288768K, used 233063K [0x0000000080000000, 0x0000000100000000)
  region size 1024K, 94 young (96256K), 2 survivors (2048K)
 Metaspace       used 134137K, committed 135232K, reserved 1179648K
  class space    used 19026K, committed 19584K, reserved 1048576K
}
Event: 6045.130 GC heap after
{Heap after GC invocations=59 (full 0):
 garbage-first heap   total 288768K, used 160315K [0x0000000080000000, 0x0000000100000000)
  region size 1024K, 12 young (12288K), 12 survivors (12288K)
 Metaspace       used 134137K, committed 135232K, reserved 1179648K
  class space    used 19026K, committed 19584K, reserved 1048576K
}
Event: 6045.463 GC heap before
{Heap before GC invocations=60 (full 0):
 garbage-first heap   total 288768K, used 239163K [0x0000000080000000, 0x0000000100000000)
  region size 1024K, 82 young (83968K), 12 survivors (12288K)
 Metaspace       used 135521K, committed 136640K, reserved 1179648K
  class space    used 19159K, committed 19712K, reserved 1048576K
}
Event: 6045.469 GC heap after
{Heap after GC invocations=61 (full 0):
 garbage-first heap   total 288768K, used 163054K [0x0000000080000000, 0x0000000100000000)
  region size 1024K, 11 young (11264K), 11 survivors (11264K)
 Metaspace       used 135521K, committed 136640K, reserved 1179648K
  class space    used 19159K, committed 19712K, reserved 1048576K
}
Event: 6045.490 GC heap before
{Heap before GC invocations=61 (full 0):
 garbage-first heap   total 288768K, used 166126K [0x0000000080000000, 0x0000000100000000)
  region size 1024K, 14 young (14336K), 11 survivors (11264K)
 Metaspace       used 135696K, committed 136768K, reserved 1179648K
  class space    used 19168K, committed 19712K, reserved 1048576K
}
Event: 6045.495 GC heap after
{Heap after GC invocations=62 (full 0):
 garbage-first heap   total 288768K, used 158558K [0x0000000080000000, 0x0000000100000000)
  region size 1024K, 2 young (2048K), 2 survivors (2048K)
 Metaspace       used 135696K, committed 136768K, reserved 1179648K
  class space    used 19168K, committed 19712K, reserved 1048576K
}
Event: 6045.695 GC heap before
{Heap before GC invocations=62 (full 0):
 garbage-first heap   total 288768K, used 229214K [0x0000000080000000, 0x0000000100000000)
  region size 1024K, 72 young (73728K), 2 survivors (2048K)
 Metaspace       used 138053K, committed 139136K, reserved 1179648K
  class space    used 19405K, committed 19968K, reserved 1048576K
}
Event: 6045.698 GC heap after
{Heap after GC invocations=63 (full 0):
 garbage-first heap   total 288768K, used 161064K [0x0000000080000000, 0x0000000100000000)
  region size 1024K, 5 young (5120K), 5 survivors (5120K)
 Metaspace       used 138053K, committed 139136K, reserved 1179648K
  class space    used 19405K, committed 19968K, reserved 1048576K
}
Event: 6046.087 GC heap before
{Heap before GC invocations=64 (full 0):
 garbage-first heap   total 288768K, used 219432K [0x0000000080000000, 0x0000000100000000)
  region size 1024K, 76 young (77824K), 5 survivors (5120K)
 Metaspace       used 140336K, committed 141440K, reserved 1179648K
  class space    used 19670K, committed 20224K, reserved 1048576K
}
Event: 6046.090 GC heap after
{Heap after GC invocations=65 (full 0):
 garbage-first heap   total 288768K, used 146542K [0x0000000080000000, 0x0000000100000000)
  region size 1024K, 4 young (4096K), 4 survivors (4096K)
 Metaspace       used 140336K, committed 141440K, reserved 1179648K
  class space    used 19670K, committed 20224K, reserved 1048576K
}
Event: 6046.135 GC heap before
{Heap before GC invocations=65 (full 0):
 garbage-first heap   total 288768K, used 155758K [0x0000000080000000, 0x0000000100000000)
  region size 1024K, 14 young (14336K), 4 survivors (4096K)
 Metaspace       used 140460K, committed 141568K, reserved 1179648K
  class space    used 19680K, committed 20224K, reserved 1048576K
}
Event: 6046.141 GC heap after
{Heap after GC invocations=66 (full 0):
 garbage-first heap   total 288768K, used 134222K [0x0000000080000000, 0x0000000100000000)
  region size 1024K, 2 young (2048K), 2 survivors (2048K)
 Metaspace       used 140460K, committed 141568K, reserved 1179648K
  class space    used 19680K, committed 20224K, reserved 1048576K
}
Event: 6046.340 GC heap before
{Heap before GC invocations=66 (full 0):
 garbage-first heap   total 288768K, used 175182K [0x0000000080000000, 0x0000000100000000)
  region size 1024K, 44 young (45056K), 2 survivors (2048K)
 Metaspace       used 141470K, committed 142592K, reserved 1179648K
  class space    used 19802K, committed 20352K, reserved 1048576K
}

