# JRE version: OpenJDK Runtime Environment (17.0.10) (build 17.0.10+0--11572160)
# Java VM: OpenJDK 64-Bit Server VM (17.0.10+0--11572160, mixed mode, tiered, compressed oops, compressed class ptrs, g1 gc, windows-amd64)
GC Precious Log:
 CPUs: 16 total, 16 available
 Memory: 15654M
 Large Page Support: Disabled
 NUMA Support: Disabled
 Compressed Oops: Enabled (32-bit)
 Heap Region Size: 1M
 Heap Min Capacity: 8M
 Heap Initial Capacity: 246M
 Heap Max Capacity: 2G
 Pre-touch: Disabled
 Parallel Workers: 13
 Concurrent Workers: 3
 Concurrent Refinement Workers: 13
 Periodic GC: Disabled
Heap:
 garbage-first heap   total 270336K, used 214321K [0x0000000080000000, 0x0000000100000000)
  region size 1024K, 10 young (10240K), 3 survivors (3072K)
 Metaspace       used 160936K, committed 162112K, reserved 1245184K
  class space    used 22208K, committed 22784K, reserved 1048576K
GC Heap History (20 events):
Event: 76.064 GC heap before
{Heap before GC invocations=58 (full 0):
 garbage-first heap   total 270336K, used 229192K [0x0000000080000000, 0x0000000100000000)
  region size 1024K, 51 young (52224K), 7 survivors (7168K)
 Metaspace       used 145865K, committed 147008K, reserved 1179648K
  class space    used 20179K, committed 20736K, reserved 1048576K
}
Event: 76.068 GC heap after
{Heap after GC invocations=59 (full 0):
 garbage-first heap   total 270336K, used 189934K [0x0000000080000000, 0x0000000100000000)
  region size 1024K, 6 young (6144K), 6 survivors (6144K)
 Metaspace       used 145865K, committed 147008K, reserved 1179648K
  class space    used 20179K, committed 20736K, reserved 1048576K
}
Event: 76.144 GC heap before
{Heap before GC invocations=59 (full 0):
 garbage-first heap   total 270336K, used 227822K [0x0000000080000000, 0x0000000100000000)
  region size 1024K, 44 young (45056K), 6 survivors (6144K)
 Metaspace       used 145888K, committed 147008K, reserved 1179648K
  class space    used 20182K, committed 20736K, reserved 1048576K
}
Event: 76.147 GC heap after
{Heap after GC invocations=60 (full 0):
 garbage-first heap   total 270336K, used 191636K [0x0000000080000000, 0x0000000100000000)
  region size 1024K, 4 young (4096K), 4 survivors (4096K)
 Metaspace       used 145888K, committed 147008K, reserved 1179648K
  class space    used 20182K, committed 20736K, reserved 1048576K
}
Event: 283.659 GC heap before
{Heap before GC invocations=60 (full 0):
 garbage-first heap   total 270336K, used 241812K [0x0000000080000000, 0x0000000100000000)
  region size 1024K, 41 young (41984K), 4 survivors (4096K)
 Metaspace       used 146296K, committed 147456K, reserved 1179648K
  class space    used 20232K, committed 20800K, reserved 1048576K
}
Event: 283.676 GC heap after
{Heap after GC invocations=61 (full 0):
 garbage-first heap   total 270336K, used 195291K [0x0000000080000000, 0x0000000100000000)
  region size 1024K, 3 young (3072K), 3 survivors (3072K)
 Metaspace       used 146296K, committed 147456K, reserved 1179648K
  class space    used 20232K, committed 20800K, reserved 1048576K
}
Event: 284.006 GC heap before
{Heap before GC invocations=61 (full 0):
 garbage-first heap   total 270336K, used 230107K [0x0000000080000000, 0x0000000100000000)
  region size 1024K, 38 young (38912K), 3 survivors (3072K)
 Metaspace       used 146523K, committed 147712K, reserved 1179648K
  class space    used 20271K, committed 20864K, reserved 1048576K
}
Event: 284.009 GC heap after
{Heap after GC invocations=62 (full 0):
 garbage-first heap   total 270336K, used 198364K [0x0000000080000000, 0x0000000100000000)
  region size 1024K, 5 young (5120K), 5 survivors (5120K)
 Metaspace       used 146523K, committed 147712K, reserved 1179648K
  class space    used 20271K, committed 20864K, reserved 1048576K
}
Event: 284.266 GC heap before
{Heap before GC invocations=62 (full 0):
 garbage-first heap   total 270336K, used 231132K [0x0000000080000000, 0x0000000100000000)
  region size 1024K, 38 young (38912K), 5 survivors (5120K)
 Metaspace       used 149220K, committed 150336K, reserved 1179648K
  class space    used 20629K, committed 21184K, reserved 1048576K
}
Event: 284.270 GC heap after
{Heap after GC invocations=63 (full 0):
 garbage-first heap   total 270336K, used 199712K [0x0000000080000000, 0x0000000100000000)
  region size 1024K, 2 young (2048K), 2 survivors (2048K)
 Metaspace       used 149220K, committed 150336K, reserved 1179648K
  class space    used 20629K, committed 21184K, reserved 1048576K
}
Event: 284.482 GC heap before
{Heap before GC invocations=63 (full 0):
 garbage-first heap   total 270336K, used 233504K [0x0000000080000000, 0x0000000100000000)
  region size 1024K, 35 young (35840K), 2 survivors (2048K)
 Metaspace       used 152261K, committed 153408K, reserved 1245184K
  class space    used 20969K, committed 21568K, reserved 1048576K
}
Event: 284.484 GC heap after
{Heap after GC invocations=64 (full 0):
 garbage-first heap   total 270336K, used 201447K [0x0000000080000000, 0x0000000100000000)
  region size 1024K, 2 young (2048K), 2 survivors (2048K)
 Metaspace       used 152261K, committed 153408K, reserved 1245184K
  class space    used 20969K, committed 21568K, reserved 1048576K
}
Event: 284.657 GC heap before
{Heap before GC invocations=64 (full 0):
 garbage-first heap   total 270336K, used 238311K [0x0000000080000000, 0x0000000100000000)
  region size 1024K, 35 young (35840K), 2 survivors (2048K)
 Metaspace       used 154124K, committed 155328K, reserved 1245184K
  class space    used 21229K, committed 21824K, reserved 1048576K
}
Event: 284.659 GC heap after
{Heap after GC invocations=65 (full 0):
 garbage-first heap   total 270336K, used 204130K [0x0000000080000000, 0x0000000100000000)
  region size 1024K, 5 young (5120K), 5 survivors (5120K)
 Metaspace       used 154124K, committed 155328K, reserved 1245184K
  class space    used 21229K, committed 21824K, reserved 1048576K
}
Event: 284.830 GC heap before
{Heap before GC invocations=65 (full 0):
 garbage-first heap   total 270336K, used 233826K [0x0000000080000000, 0x0000000100000000)
  region size 1024K, 34 young (34816K), 5 survivors (5120K)
 Metaspace       used 156387K, committed 157632K, reserved 1245184K
  class space    used 21549K, committed 22144K, reserved 1048576K
}
Event: 284.833 GC heap after
{Heap after GC invocations=66 (full 0):
 garbage-first heap   total 270336K, used 205957K [0x0000000080000000, 0x0000000100000000)
  region size 1024K, 2 young (2048K), 2 survivors (2048K)
 Metaspace       used 156387K, committed 157632K, reserved 1245184K
  class space    used 21549K, committed 22144K, reserved 1048576K
}
Event: 285.019 GC heap before
{Heap before GC invocations=66 (full 0):
 garbage-first heap   total 270336K, used 235653K [0x0000000080000000, 0x0000000100000000)
  region size 1024K, 31 young (31744K), 2 survivors (2048K)
 Metaspace       used 158580K, committed 159808K, reserved 1245184K
  class space    used 21861K, committed 22464K, reserved 1048576K
}
Event: 285.020 GC heap after
{Heap after GC invocations=67 (full 0):
 garbage-first heap   total 270336K, used 206524K [0x0000000080000000, 0x0000000100000000)
  region size 1024K, 3 young (3072K), 3 survivors (3072K)
 Metaspace       used 158580K, committed 159808K, reserved 1245184K
  class space    used 21861K, committed 22464K, reserved 1048576K
}
Event: 285.236 GC heap before
{Heap before GC invocations=67 (full 0):
 garbage-first heap   total 270336K, used 235196K [0x0000000080000000, 0x0000000100000000)
  region size 1024K, 31 young (31744K), 3 survivors (3072K)
 Metaspace       used 160391K, committed 161600K, reserved 1245184K
  class space    used 22126K, committed 22720K, reserved 1048576K
}
Event: 285.239 GC heap after
{Heap after GC invocations=68 (full 0):
 garbage-first heap   total 270336K, used 208177K [0x0000000080000000, 0x0000000100000000)
  region size 1024K, 3 young (3072K), 3 survivors (3072K)
 Metaspace       used 160391K, committed 161600K, reserved 1245184K
  class space    used 22126K, committed 22720K, reserved 1048576K
}

