# JRE version: OpenJDK Runtime Environment (17.0.10) (build 17.0.10+0--11572160)
# Java VM: OpenJDK 64-Bit Server VM (17.0.10+0--11572160, mixed mode, tiered, compressed oops, compressed class ptrs, g1 gc, windows-amd64)
GC Precious Log:
 CPUs: 16 total, 16 available
 Memory: 15654M
 Large Page Support: Disabled
 NUMA Support: Disabled
 Compressed Oops: Enabled (32-bit)
 Heap Region Size: 1M
 Heap Min Capacity: 8M
 Heap Initial Capacity: 246M
 Heap Max Capacity: 2G
 Pre-touch: Disabled
 Parallel Workers: 13
 Concurrent Workers: 3
 Concurrent Refinement Workers: 13
 Periodic GC: Disabled
Heap:
 garbage-first heap   total 327680K, used 271465K [0x0000000080000000, 0x0000000100000000)
  region size 1024K, 13 young (13312K), 6 survivors (6144K)
 Metaspace       used 148648K, committed 149696K, reserved 1179648K
  class space    used 20369K, committed 20864K, reserved 1048576K
GC Heap History (20 events):
Event: 18.240 GC heap before
{Heap before GC invocations=56 (full 0):
 garbage-first heap   total 327680K, used 268411K [0x0000000080000000, 0x0000000100000000)
  region size 1024K, 101 young (103424K), 7 survivors (7168K)
 Metaspace       used 137360K, committed 138432K, reserved 1179648K
  class space    used 18870K, committed 19392K, reserved 1048576K
}
Event: 18.244 GC heap after
{Heap after GC invocations=57 (full 0):
 garbage-first heap   total 327680K, used 176159K [0x0000000080000000, 0x0000000100000000)
  region size 1024K, 10 young (10240K), 10 survivors (10240K)
 Metaspace       used 137360K, committed 138432K, reserved 1179648K
  class space    used 18870K, committed 19392K, reserved 1048576K
}
Event: 18.301 GC heap before
{Heap before GC invocations=57 (full 0):
 garbage-first heap   total 327680K, used 181279K [0x0000000080000000, 0x0000000100000000)
  region size 1024K, 16 young (16384K), 10 survivors (10240K)
 Metaspace       used 137672K, committed 138688K, reserved 1179648K
  class space    used 18912K, committed 19392K, reserved 1048576K
}
Event: 18.307 GC heap after
{Heap after GC invocations=58 (full 0):
 garbage-first heap   total 327680K, used 167591K [0x0000000080000000, 0x0000000100000000)
  region size 1024K, 2 young (2048K), 2 survivors (2048K)
 Metaspace       used 137672K, committed 138688K, reserved 1179648K
  class space    used 18912K, committed 19392K, reserved 1048576K
}
Event: 19.177 GC heap before
{Heap before GC invocations=58 (full 0):
 garbage-first heap   total 327680K, used 273063K [0x0000000080000000, 0x0000000100000000)
  region size 1024K, 105 young (107520K), 2 survivors (2048K)
 Metaspace       used 143796K, committed 144960K, reserved 1179648K
  class space    used 19819K, committed 20352K, reserved 1048576K
}
Event: 19.182 GC heap after
{Heap after GC invocations=59 (full 0):
 garbage-first heap   total 327680K, used 175102K [0x0000000080000000, 0x0000000100000000)
  region size 1024K, 9 young (9216K), 9 survivors (9216K)
 Metaspace       used 143796K, committed 144960K, reserved 1179648K
  class space    used 19819K, committed 20352K, reserved 1048576K
}
Event: 19.546 GC heap before
{Heap before GC invocations=59 (full 0):
 garbage-first heap   total 327680K, used 271358K [0x0000000080000000, 0x0000000100000000)
  region size 1024K, 104 young (106496K), 9 survivors (9216K)
 Metaspace       used 144024K, committed 145088K, reserved 1179648K
  class space    used 19865K, committed 20352K, reserved 1048576K
}
Event: 19.554 GC heap after
{Heap after GC invocations=60 (full 0):
 garbage-first heap   total 327680K, used 179949K [0x0000000080000000, 0x0000000100000000)
  region size 1024K, 6 young (6144K), 6 survivors (6144K)
 Metaspace       used 144024K, committed 145088K, reserved 1179648K
  class space    used 19865K, committed 20352K, reserved 1048576K
}
Event: 20.076 GC heap before
{Heap before GC invocations=60 (full 0):
 garbage-first heap   total 327680K, used 273133K [0x0000000080000000, 0x0000000100000000)
  region size 1024K, 98 young (100352K), 6 survivors (6144K)
 Metaspace       used 144433K, committed 145472K, reserved 1179648K
  class space    used 19924K, committed 20416K, reserved 1048576K
}
Event: 20.080 GC heap after
{Heap after GC invocations=61 (full 0):
 garbage-first heap   total 327680K, used 183137K [0x0000000080000000, 0x0000000100000000)
  region size 1024K, 9 young (9216K), 9 survivors (9216K)
 Metaspace       used 144433K, committed 145472K, reserved 1179648K
  class space    used 19924K, committed 20416K, reserved 1048576K
}
Event: 20.478 GC heap before
{Heap before GC invocations=61 (full 0):
 garbage-first heap   total 327680K, used 274273K [0x0000000080000000, 0x0000000100000000)
  region size 1024K, 99 young (101376K), 9 survivors (9216K)
 Metaspace       used 144734K, committed 145856K, reserved 1179648K
  class space    used 19961K, committed 20480K, reserved 1048576K
}
Event: 20.484 GC heap after
{Heap after GC invocations=62 (full 0):
 garbage-first heap   total 327680K, used 187433K [0x0000000080000000, 0x0000000100000000)
  region size 1024K, 10 young (10240K), 10 survivors (10240K)
 Metaspace       used 144734K, committed 145856K, reserved 1179648K
  class space    used 19961K, committed 20480K, reserved 1048576K
}
Event: 20.650 GC heap before
{Heap before GC invocations=62 (full 0):
 garbage-first heap   total 327680K, used 274473K [0x0000000080000000, 0x0000000100000000)
  region size 1024K, 96 young (98304K), 10 survivors (10240K)
 Metaspace       used 144763K, committed 145856K, reserved 1179648K
  class space    used 19963K, committed 20480K, reserved 1048576K
}
Event: 20.654 GC heap after
{Heap after GC invocations=63 (full 0):
 garbage-first heap   total 327680K, used 189724K [0x0000000080000000, 0x0000000100000000)
  region size 1024K, 9 young (9216K), 9 survivors (9216K)
 Metaspace       used 144763K, committed 145856K, reserved 1179648K
  class space    used 19963K, committed 20480K, reserved 1048576K
}
Event: 21.082 GC heap before
{Heap before GC invocations=63 (full 0):
 garbage-first heap   total 327680K, used 280860K [0x0000000080000000, 0x0000000100000000)
  region size 1024K, 94 young (96256K), 9 survivors (9216K)
 Metaspace       used 147672K, committed 148864K, reserved 1179648K
  class space    used 20239K, committed 20800K, reserved 1048576K
}
Event: 21.089 GC heap after
{Heap after GC invocations=64 (full 0):
 garbage-first heap   total 327680K, used 194974K [0x0000000080000000, 0x0000000100000000)
  region size 1024K, 10 young (10240K), 10 survivors (10240K)
 Metaspace       used 147672K, committed 148864K, reserved 1179648K
  class space    used 20239K, committed 20800K, reserved 1048576K
}
Event: 21.263 GC heap before
{Heap before GC invocations=64 (full 0):
 garbage-first heap   total 327680K, used 252318K [0x0000000080000000, 0x0000000100000000)
  region size 1024K, 61 young (62464K), 10 survivors (10240K)
 Metaspace       used 148444K, committed 149568K, reserved 1179648K
  class space    used 20344K, committed 20864K, reserved 1048576K
}
Event: 21.267 GC heap after
{Heap after GC invocations=65 (full 0):
 garbage-first heap   total 327680K, used 204930K [0x0000000080000000, 0x0000000100000000)
  region size 1024K, 6 young (6144K), 6 survivors (6144K)
 Metaspace       used 148444K, committed 149568K, reserved 1179648K
  class space    used 20344K, committed 20864K, reserved 1048576K
}
Event: 21.272 GC heap before
{Heap before GC invocations=65 (full 0):
 garbage-first heap   total 327680K, used 222338K [0x0000000080000000, 0x0000000100000000)
  region size 1024K, 7 young (7168K), 6 survivors (6144K)
 Metaspace       used 148446K, committed 149568K, reserved 1179648K
  class space    used 20346K, committed 20864K, reserved 1048576K
}
Event: 21.275 GC heap after
{Heap after GC invocations=66 (full 0):
 garbage-first heap   total 327680K, used 222313K [0x0000000080000000, 0x0000000100000000)
  region size 1024K, 6 young (6144K), 6 survivors (6144K)
 Metaspace       used 148446K, committed 149568K, reserved 1179648K
  class space    used 20346K, committed 20864K, reserved 1048576K
}

